2026-01-25T11:24:33.667+05:30  INFO 20673 --- [backend] [main] c.d.b.controller.UserControllerTest      : Starting UserControllerTest using Java 25 with PID 20673 (started by abhijeetfasate in /Users/abhijeetfasate/Desktop/Quora Clone)
2026-01-25T11:24:33.670+05:30 DEBUG 20673 --- [backend] [main] c.d.b.controller.UserControllerTest      : Running with Spring Boot v3.5.5, Spring v6.2.10
2026-01-25T11:24:33.671+05:30  INFO 20673 --- [backend] [main] c.d.b.controller.UserControllerTest      : No active profile set, falling back to 1 default profile: "default"
2026-01-25T11:24:35.541+05:30  WARN 20673 --- [backend] [main] .s.s.UserDetailsServiceAutoConfiguration : 

Using generated security password: f423f054-a67d-4c76-aab8-eb6b06dd691c

This generated password is for development use only. Your security configuration must be updated before running your application in production.

2026-01-25T11:24:35.545+05:30  INFO 20673 --- [backend] [main] r$InitializeUserDetailsManagerConfigurer : Global AuthenticationManager configured with UserDetailsService bean with name inMemoryUserDetailsManager
2026-01-25T11:24:35.771+05:30  INFO 20673 --- [backend] [main] o.s.b.t.m.w.SpringBootMockServletContext : Initializing Spring TestDispatcherServlet ''
2026-01-25T11:24:35.771+05:30  INFO 20673 --- [backend] [main] o.s.t.web.servlet.TestDispatcherServlet  : Initializing Servlet ''
2026-01-25T11:24:35.772+05:30  INFO 20673 --- [backend] [main] o.s.t.web.servlet.TestDispatcherServlet  : Completed initialization in 1 ms
2026-01-25T11:24:35.785+05:30  INFO 20673 --- [backend] [main] c.d.b.controller.UserControllerTest      : Started UserControllerTest in 2.367 seconds (process running for 3.497)
2026-01-25T11:24:35.829+05:30  INFO 20673 --- [backend] [main] c.d.controller.UserController            : Get user by id API called.
2026-01-25T11:24:35.867+05:30  INFO 20673 --- [backend] [main] c.d.controller.UserController            : Delete user by id API called.
2026-01-25T11:24:35.900+05:30  INFO 20673 --- [backend] [main] c.d.controller.UserController            : Update user by id API called.
2026-01-25T11:24:35.907+05:30  INFO 20673 --- [backend] [main] c.d.controller.UserController            : Get user by id API called.
2026-01-25T11:24:35.939+05:30  INFO 20673 --- [backend] [main] t.c.s.AnnotationConfigContextLoaderUtils : Could not detect default configuration classes for test class [com.devcommunity.backend.controller.PostControllerTest]: PostControllerTest does not declare any static, non-private, non-final, nested classes annotated with @Configuration.
2026-01-25T11:24:35.943+05:30  INFO 20673 --- [backend] [main] .b.t.c.SpringBootTestContextBootstrapper : Found @SpringBootConfiguration com.devcommunity.BackendApplication for test class com.devcommunity.backend.controller.PostControllerTest
2026-01-25T11:24:35.946+05:30  INFO 20673 --- [backend] [main] o.s.b.d.r.RestartApplicationListener     : Restart disabled due to context in which it is running
2026-01-25T11:24:35.961+05:30  INFO 20673 --- [backend] [main] c.d.b.controller.PostControllerTest      : Starting PostControllerTest using Java 25 with PID 20673 (started by abhijeetfasate in /Users/abhijeetfasate/Desktop/Quora Clone)
2026-01-25T11:24:35.961+05:30 DEBUG 20673 --- [backend] [main] c.d.b.controller.PostControllerTest      : Running with Spring Boot v3.5.5, Spring v6.2.10
2026-01-25T11:24:35.961+05:30  INFO 20673 --- [backend] [main] c.d.b.controller.PostControllerTest      : No active profile set, falling back to 1 default profile: "default"
2026-01-25T11:24:36.105+05:30  WARN 20673 --- [backend] [main] .s.s.UserDetailsServiceAutoConfiguration : 

Using generated security password: 16ca9176-ac94-4a6c-bd1f-04e3e6f167fe

This generated password is for development use only. Your security configuration must be updated before running your application in production.

2026-01-25T11:24:36.105+05:30  INFO 20673 --- [backend] [main] r$InitializeUserDetailsManagerConfigurer : Global AuthenticationManager configured with UserDetailsService bean with name inMemoryUserDetailsManager
2026-01-25T11:24:36.117+05:30  INFO 20673 --- [backend] [main] o.s.b.t.m.w.SpringBootMockServletContext : Initializing Spring TestDispatcherServlet ''
2026-01-25T11:24:36.117+05:30  INFO 20673 --- [backend] [main] o.s.t.web.servlet.TestDispatcherServlet  : Initializing Servlet ''
2026-01-25T11:24:36.117+05:30  INFO 20673 --- [backend] [main] o.s.t.web.servlet.TestDispatcherServlet  : Completed initialization in 0 ms
2026-01-25T11:24:36.122+05:30  INFO 20673 --- [backend] [main] c.d.b.controller.PostControllerTest      : Started PostControllerTest in 0.176 seconds (process running for 3.834)
2026-01-25T11:24:36.170+05:30  INFO 20673 --- [backend] [main] c.d.controller.PostController            : Add post API called
2026-01-25T11:24:36.174+05:30  INFO 20673 --- [backend] [main] c.d.controller.PostController            : Delete post API called
2026-01-25T11:24:36.178+05:30  INFO 20673 --- [backend] [main] c.d.controller.PostController            : Get all posts API called
2026-01-25T11:24:36.185+05:30  INFO 20673 --- [backend] [main] c.d.controller.PostController            : Delete multiple posts API called
2026-01-25T11:24:36.190+05:30  INFO 20673 --- [backend] [main] c.d.controller.PostController            : Get post by dev id API called
2026-01-25T11:24:36.204+05:30  INFO 20673 --- [backend] [main] c.d.controller.PostController            : Update post API called
2026-01-25T11:24:36.209+05:30  INFO 20673 --- [backend] [main] c.d.controller.PostController            : Delete post API called
2026-01-25T11:24:36.214+05:30  INFO 20673 --- [backend] [main] c.d.controller.PostController            : Delete multiple posts API called
2026-01-25T11:24:36.221+05:30  INFO 20673 --- [backend] [main] c.d.controller.PostController            : Get post by dev id API called
2026-01-25T11:24:36.226+05:30  INFO 20673 --- [backend] [main] c.d.controller.PostController            : Get post by id API called
2026-01-25T11:24:36.233+05:30  INFO 20673 --- [backend] [main] c.d.controller.PostController            : Update post API called
2026-01-25T11:24:36.237+05:30  INFO 20673 --- [backend] [main] c.d.controller.PostController            : Get post by id API called
2026-01-25T11:24:36.245+05:30  INFO 20673 --- [backend] [main] c.d.controller.PostController            : Get post by keyword API called
2026-01-25T11:24:36.249+05:30  INFO 20673 --- [backend] [main] c.d.controller.PostController            : Get post by keyword API called
2026-01-25T11:24:36.254+05:30  INFO 20673 --- [backend] [main] c.d.controller.PostController            : Get all posts API called
2026-01-25T11:24:36.259+05:30  INFO 20673 --- [backend] [main] t.c.s.AnnotationConfigContextLoaderUtils : Could not detect default configuration classes for test class [com.devcommunity.backend.controller.DeveloperControllerTest]: DeveloperControllerTest does not declare any static, non-private, non-final, nested classes annotated with @Configuration.
2026-01-25T11:24:36.262+05:30  INFO 20673 --- [backend] [main] .b.t.c.SpringBootTestContextBootstrapper : Found @SpringBootConfiguration com.devcommunity.BackendApplication for test class com.devcommunity.backend.controller.DeveloperControllerTest
2026-01-25T11:24:36.265+05:30  INFO 20673 --- [backend] [main] o.s.b.d.r.RestartApplicationListener     : Restart disabled due to context in which it is running
2026-01-25T11:24:36.275+05:30  INFO 20673 --- [backend] [main] c.d.b.c.DeveloperControllerTest          : Starting DeveloperControllerTest using Java 25 with PID 20673 (started by abhijeetfasate in /Users/abhijeetfasate/Desktop/Quora Clone)
2026-01-25T11:24:36.276+05:30 DEBUG 20673 --- [backend] [main] c.d.b.c.DeveloperControllerTest          : Running with Spring Boot v3.5.5, Spring v6.2.10
2026-01-25T11:24:36.276+05:30  INFO 20673 --- [backend] [main] c.d.b.c.DeveloperControllerTest          : No active profile set, falling back to 1 default profile: "default"
2026-01-25T11:24:36.363+05:30  WARN 20673 --- [backend] [main] .s.s.UserDetailsServiceAutoConfiguration : 

Using generated security password: c11705ea-ccc8-4a60-8607-d6cd65724f0b

This generated password is for development use only. Your security configuration must be updated before running your application in production.

2026-01-25T11:24:36.363+05:30  INFO 20673 --- [backend] [main] r$InitializeUserDetailsManagerConfigurer : Global AuthenticationManager configured with UserDetailsService bean with name inMemoryUserDetailsManager
2026-01-25T11:24:36.392+05:30  INFO 20673 --- [backend] [main] o.s.b.t.m.w.SpringBootMockServletContext : Initializing Spring TestDispatcherServlet ''
2026-01-25T11:24:36.392+05:30  INFO 20673 --- [backend] [main] o.s.t.web.servlet.TestDispatcherServlet  : Initializing Servlet ''
2026-01-25T11:24:36.392+05:30  INFO 20673 --- [backend] [main] o.s.t.web.servlet.TestDispatcherServlet  : Completed initialization in 0 ms
2026-01-25T11:24:36.395+05:30  INFO 20673 --- [backend] [main] c.d.b.c.DeveloperControllerTest          : Started DeveloperControllerTest in 0.131 seconds (process running for 4.107)
2026-01-25T11:24:36.399+05:30  INFO 20673 --- [backend] [main] c.d.controller.DeveloperController       : Get developer by id API called.
2026-01-25T11:24:36.406+05:30  INFO 20673 --- [backend] [main] c.d.controller.DeveloperController       : Get developer by id API called.
2026-01-25T11:24:36.416+05:30  INFO 20673 --- [backend] [main] c.d.controller.DeveloperController       : Get all developers by skill API called.
2026-01-25T11:24:36.421+05:30  INFO 20673 --- [backend] [main] c.d.controller.DeveloperController       : Get dev by max reputation called.
2026-01-25T11:24:36.431+05:30  INFO 20673 --- [backend] [main] c.d.controller.DeveloperController       : Get all developers by skill API called.
2026-01-25T11:24:36.435+05:30  INFO 20673 --- [backend] [main] c.d.controller.DeveloperController       : Get dev by max reputation called.
2026-01-25T11:24:36.440+05:30  INFO 20673 --- [backend] [main] c.d.controller.DeveloperController       : Get all responses by post API called
2026-01-25T11:24:36.444+05:30  INFO 20673 --- [backend] [main] c.d.controller.DeveloperController       : Get all responses by post API called
2026-01-25T11:24:36.448+05:30  INFO 20673 --- [backend] [main] c.d.controller.DeveloperController       : Get all developers API called.
2026-01-25T11:24:36.458+05:30  INFO 20673 --- [backend] [main] t.c.s.AnnotationConfigContextLoaderUtils : Could not detect default configuration classes for test class [com.devcommunity.backend.controller.CommentControllerTest]: CommentControllerTest does not declare any static, non-private, non-final, nested classes annotated with @Configuration.
2026-01-25T11:24:36.462+05:30  INFO 20673 --- [backend] [main] .b.t.c.SpringBootTestContextBootstrapper : Found @SpringBootConfiguration com.devcommunity.BackendApplication for test class com.devcommunity.backend.controller.CommentControllerTest
2026-01-25T11:24:36.463+05:30  INFO 20673 --- [backend] [main] o.s.b.d.r.RestartApplicationListener     : Restart disabled due to context in which it is running
2026-01-25T11:24:36.472+05:30  INFO 20673 --- [backend] [main] c.d.b.controller.CommentControllerTest   : Starting CommentControllerTest using Java 25 with PID 20673 (started by abhijeetfasate in /Users/abhijeetfasate/Desktop/Quora Clone)
2026-01-25T11:24:36.472+05:30 DEBUG 20673 --- [backend] [main] c.d.b.controller.CommentControllerTest   : Running with Spring Boot v3.5.5, Spring v6.2.10
2026-01-25T11:24:36.472+05:30  INFO 20673 --- [backend] [main] c.d.b.controller.CommentControllerTest   : No active profile set, falling back to 1 default profile: "default"
2026-01-25T11:24:36.577+05:30  WARN 20673 --- [backend] [main] .s.s.UserDetailsServiceAutoConfiguration : 

Using generated security password: fd424261-5729-49d5-ab00-26ac39b7f19e

This generated password is for development use only. Your security configuration must be updated before running your application in production.

2026-01-25T11:24:36.577+05:30  INFO 20673 --- [backend] [main] r$InitializeUserDetailsManagerConfigurer : Global AuthenticationManager configured with UserDetailsService bean with name inMemoryUserDetailsManager
2026-01-25T11:24:36.582+05:30  INFO 20673 --- [backend] [main] o.s.b.t.m.w.SpringBootMockServletContext : Initializing Spring TestDispatcherServlet ''
2026-01-25T11:24:36.582+05:30  INFO 20673 --- [backend] [main] o.s.t.web.servlet.TestDispatcherServlet  : Initializing Servlet ''
2026-01-25T11:24:36.582+05:30  INFO 20673 --- [backend] [main] o.s.t.web.servlet.TestDispatcherServlet  : Completed initialization in 0 ms
2026-01-25T11:24:36.585+05:30  INFO 20673 --- [backend] [main] c.d.b.controller.CommentControllerTest   : Started CommentControllerTest in 0.122 seconds (process running for 4.297)
2026-01-25T11:24:36.590+05:30  INFO 20673 --- [backend] [main] c.d.controller.CommentController         : Fetching comments for response ID: 999
2026-01-25T11:24:36.606+05:30  INFO 20673 --- [backend] [main] c.d.controller.CommentController         : Updating comment with ID: 1
2026-01-25T11:24:36.610+05:30  INFO 20673 --- [backend] [main] c.d.controller.CommentController         : Fetching comment with ID: 999
2026-01-25T11:24:36.614+05:30  INFO 20673 --- [backend] [main] c.d.controller.CommentController         : Fetching comments for response ID: 1
2026-01-25T11:24:36.619+05:30  INFO 20673 --- [backend] [main] c.d.controller.CommentController         : Removing comment with ID: 1
2026-01-25T11:24:36.633+05:30  INFO 20673 --- [backend] [main] c.d.controller.CommentController         : Removing comment with ID: 999
2026-01-25T11:24:36.637+05:30  INFO 20673 --- [backend] [main] c.d.controller.CommentController         : Updating comment with ID: 1
2026-01-25T11:24:36.642+05:30  INFO 20673 --- [backend] [main] c.d.controller.CommentController         : Fetching comment with ID: 1
2026-01-25T11:24:36.646+05:30  INFO 20673 --- [backend] [main] c.d.controller.CommentController         : Fetching comments for post ID: 999
2026-01-25T11:24:36.649+05:30  INFO 20673 --- [backend] [main] c.d.controller.CommentController         : Adding comment: CommentRequestDTO(text=Helpful explanation, developerId=1, postId=100, responseId=0, commentId=1)
2026-01-25T11:24:36.654+05:30  INFO 20673 --- [backend] [main] c.d.controller.CommentController         : Fetching comments for post ID: 100
2026-01-25T11:24:36.659+05:30  INFO 20673 --- [backend] [main] c.d.controller.CommentController         : Getting vote count for type 'UPVOTE' on comment ID 1
2026-01-25T11:24:36.663+05:30  INFO 20673 --- [backend] [main] t.c.s.AnnotationConfigContextLoaderUtils : Could not detect default configuration classes for test class [com.devcommunity.backend.controller.ResponseControllerTest]: ResponseControllerTest does not declare any static, non-private, non-final, nested classes annotated with @Configuration.
2026-01-25T11:24:36.666+05:30  INFO 20673 --- [backend] [main] .b.t.c.SpringBootTestContextBootstrapper : Found @SpringBootConfiguration com.devcommunity.BackendApplication for test class com.devcommunity.backend.controller.ResponseControllerTest
2026-01-25T11:24:36.668+05:30  INFO 20673 --- [backend] [main] o.s.b.d.r.RestartApplicationListener     : Restart disabled due to context in which it is running
2026-01-25T11:24:36.684+05:30  INFO 20673 --- [backend] [main] c.d.b.controller.ResponseControllerTest  : Starting ResponseControllerTest using Java 25 with PID 20673 (started by abhijeetfasate in /Users/abhijeetfasate/Desktop/Quora Clone)
2026-01-25T11:24:36.684+05:30 DEBUG 20673 --- [backend] [main] c.d.b.controller.ResponseControllerTest  : Running with Spring Boot v3.5.5, Spring v6.2.10
2026-01-25T11:24:36.684+05:30  INFO 20673 --- [backend] [main] c.d.b.controller.ResponseControllerTest  : No active profile set, falling back to 1 default profile: "default"
2026-01-25T11:24:36.824+05:30  WARN 20673 --- [backend] [main] .s.s.UserDetailsServiceAutoConfiguration : 

Using generated security password: 37368685-1e5a-41f9-ab13-68593d225485

This generated password is for development use only. Your security configuration must be updated before running your application in production.

2026-01-25T11:24:36.825+05:30  INFO 20673 --- [backend] [main] r$InitializeUserDetailsManagerConfigurer : Global AuthenticationManager configured with UserDetailsService bean with name inMemoryUserDetailsManager
2026-01-25T11:24:36.829+05:30  INFO 20673 --- [backend] [main] o.s.b.t.m.w.SpringBootMockServletContext : Initializing Spring TestDispatcherServlet ''
2026-01-25T11:24:36.829+05:30  INFO 20673 --- [backend] [main] o.s.t.web.servlet.TestDispatcherServlet  : Initializing Servlet ''
2026-01-25T11:24:36.829+05:30  INFO 20673 --- [backend] [main] o.s.t.web.servlet.TestDispatcherServlet  : Completed initialization in 0 ms
2026-01-25T11:24:36.832+05:30  INFO 20673 --- [backend] [main] c.d.b.controller.ResponseControllerTest  : Started ResponseControllerTest in 0.164 seconds (process running for 4.544)
2026-01-25T11:24:36.837+05:30  INFO 20673 --- [backend] [main] c.d.controller.ResponseController        : Get all responses by dev API called
2026-01-25T11:24:36.847+05:30  INFO 20673 --- [backend] [main] c.d.controller.ResponseController        : Add response API called
2026-01-25T11:24:36.851+05:30  INFO 20673 --- [backend] [main] c.d.controller.ResponseController        : Get all responses by dev API called
2026-01-25T11:24:36.857+05:30  INFO 20673 --- [backend] [main] c.d.controller.ResponseController        : Delete response API called
2026-01-25T11:24:36.861+05:30  INFO 20673 --- [backend] [main] c.d.controller.ResponseController        : Update response API called
2026-01-25T11:24:36.865+05:30  INFO 20673 --- [backend] [main] c.d.controller.ResponseController        : Get all responses by post API called
2026-01-25T11:24:36.868+05:30  INFO 20673 --- [backend] [main] c.d.controller.ResponseController        : Delete response API called
2026-01-25T11:24:36.873+05:30  INFO 20673 --- [backend] [main] c.d.controller.ResponseController        : Update response API called
2026-01-25T11:24:36.877+05:30  INFO 20673 --- [backend] [main] c.d.controller.ResponseController        : Get all responses by post API called
2026-01-25T11:24:36.880+05:30  INFO 20673 --- [backend] [main] c.d.controller.ResponseController        : Delete multiple responses API called
2026-01-25T11:24:36.884+05:30  INFO 20673 --- [backend] [main] c.d.controller.ResponseController        : Delete multiple responses API called
2026-01-25T11:24:36.888+05:30  INFO 20673 --- [backend] [main] t.c.s.AnnotationConfigContextLoaderUtils : Could not detect default configuration classes for test class [com.devcommunity.backend.controller.VoteControllerTest]: VoteControllerTest does not declare any static, non-private, non-final, nested classes annotated with @Configuration.
2026-01-25T11:24:36.891+05:30  INFO 20673 --- [backend] [main] .b.t.c.SpringBootTestContextBootstrapper : Found @SpringBootConfiguration com.devcommunity.BackendApplication for test class com.devcommunity.backend.controller.VoteControllerTest
2026-01-25T11:24:36.892+05:30  INFO 20673 --- [backend] [main] o.s.b.d.r.RestartApplicationListener     : Restart disabled due to context in which it is running
2026-01-25T11:24:36.900+05:30  INFO 20673 --- [backend] [main] c.d.b.controller.VoteControllerTest      : Starting VoteControllerTest using Java 25 with PID 20673 (started by abhijeetfasate in /Users/abhijeetfasate/Desktop/Quora Clone)
2026-01-25T11:24:36.900+05:30 DEBUG 20673 --- [backend] [main] c.d.b.controller.VoteControllerTest      : Running with Spring Boot v3.5.5, Spring v6.2.10
2026-01-25T11:24:36.900+05:30  INFO 20673 --- [backend] [main] c.d.b.controller.VoteControllerTest      : No active profile set, falling back to 1 default profile: "default"
2026-01-25T11:24:37.006+05:30  WARN 20673 --- [backend] [main] .s.s.UserDetailsServiceAutoConfiguration : 

Using generated security password: 6c4bd546-0e9e-4156-a1f8-54f52308d191

This generated password is for development use only. Your security configuration must be updated before running your application in production.

2026-01-25T11:24:37.006+05:30  INFO 20673 --- [backend] [main] r$InitializeUserDetailsManagerConfigurer : Global AuthenticationManager configured with UserDetailsService bean with name inMemoryUserDetailsManager
2026-01-25T11:24:37.010+05:30  INFO 20673 --- [backend] [main] o.s.b.t.m.w.SpringBootMockServletContext : Initializing Spring TestDispatcherServlet ''
2026-01-25T11:24:37.011+05:30  INFO 20673 --- [backend] [main] o.s.t.web.servlet.TestDispatcherServlet  : Initializing Servlet ''
2026-01-25T11:24:37.011+05:30  INFO 20673 --- [backend] [main] o.s.t.web.servlet.TestDispatcherServlet  : Completed initialization in 0 ms
2026-01-25T11:24:37.013+05:30  INFO 20673 --- [backend] [main] c.d.b.controller.VoteControllerTest      : Started VoteControllerTest in 0.121 seconds (process running for 4.725)
2026-01-25T11:24:37.017+05:30  INFO 20673 --- [backend] [main] c.d.controller.VoteController            : Fetching votes for post ID: 100
2026-01-25T11:24:37.036+05:30  INFO 20673 --- [backend] [main] c.d.controller.VoteController            : Fetching votes for comment ID: 100
2026-01-25T11:24:37.040+05:30  INFO 20673 --- [backend] [main] c.d.controller.VoteController            : Deleting vote with ID: 999
2026-01-25T11:24:37.044+05:30  INFO 20673 --- [backend] [main] c.d.controller.VoteController            : Fetching vote with ID: 1
2026-01-25T11:24:37.049+05:30  INFO 20673 --- [backend] [main] c.d.controller.VoteController            : Deleting vote with ID: 1
2026-01-25T11:24:37.053+05:30  INFO 20673 --- [backend] [main] c.d.controller.VoteController            : Adding vote: VoteRequestDTO(voteType=UPVOTE, developerId=1, commentId=null, postId=100, respId=null)
2026-01-25T11:24:37.059+05:30  INFO 20673 --- [backend] [main] c.d.controller.VoteController            : Fetching votes for response ID: 200
2026-01-25T11:24:37.062+05:30  INFO 20673 --- [backend] [main] c.d.controller.VoteController            : Counting 'UPVOTE' votes for comment ID: 1
2026-01-25T11:24:37.242+05:30 ERROR 20673 --- [backend] [main] c.d.service.impl.ResponseServiceImpl     : Response ID: 8 does not exist
2026-01-25T11:24:37.243+05:30 ERROR 20673 --- [backend] [main] c.d.service.impl.ResponseServiceImpl     : Response ID: 8 does not exist
2026-01-25T11:24:37.717+05:30  INFO 20673 --- [backend] [main] c.d.service.impl.CommentServiceImpl      : Fetching comments for post ID: 100
2026-01-25T11:24:37.719+05:30  INFO 20673 --- [backend] [main] c.d.service.impl.CommentServiceImpl      : Fetching comments for response ID: 200
2026-01-25T11:24:37.721+05:30  INFO 20673 --- [backend] [main] c.d.service.impl.CommentServiceImpl      : Removing comment with ID: 10
2026-01-25T11:24:37.723+05:30  INFO 20673 --- [backend] [main] c.d.service.impl.CommentServiceImpl      : Removing comment with ID: 10
2026-01-25T11:24:37.724+05:30  INFO 20673 --- [backend] [main] c.d.service.impl.CommentServiceImpl      : Adding comment: CommentRequestDTO(text=Thanks! This solution worked perfectly for my case. Just had to tweak the input format slightly., developerId=1, postId=100, responseId=0, commentId=1)
2026-01-25T11:24:37.726+05:30  INFO 20673 --- [backend] [main] c.d.service.impl.CommentServiceImpl      : Counting votes of type 'UPVOTE' for comment ID: 1
2026-01-25T11:24:37.728+05:30  INFO 20673 --- [backend] [main] c.d.service.impl.CommentServiceImpl      : Fetching comments for response ID: 200
2026-01-25T11:24:37.729+05:30  INFO 20673 --- [backend] [main] c.d.service.impl.CommentServiceImpl      : Fetching comments for post ID: 1
2026-01-25T11:24:37.731+05:30  INFO 20673 --- [backend] [main] c.d.service.impl.CommentServiceImpl      : Counting votes of type 'INVALID' for comment ID: 1
2026-01-25T11:24:37.731+05:30 ERROR 20673 --- [backend] [main] c.d.service.impl.CommentServiceImpl      : Invalid vote type: INVALID
2026-01-25T11:24:37.732+05:30  INFO 20673 --- [backend] [main] c.d.service.impl.CommentServiceImpl      : Updating comment with ID: 1
2026-01-25T11:24:37.734+05:30  INFO 20673 --- [backend] [main] c.d.service.impl.CommentServiceImpl      : Removing comment with ID: 10
2026-01-25T11:24:37.736+05:30  INFO 20673 --- [backend] [main] c.d.service.impl.CommentServiceImpl      : Fetching comments for response ID: 1
2026-01-25T11:24:37.738+05:30  INFO 20673 --- [backend] [main] c.d.service.impl.CommentServiceImpl      : Updating comment with ID: 1
2026-01-25T11:24:37.738+05:30  WARN 20673 --- [backend] [main] c.d.service.impl.CommentServiceImpl      : Unauthorized access attempt by developer ID: 1
2026-01-25T11:24:37.740+05:30  INFO 20673 --- [backend] [main] c.d.service.impl.CommentServiceImpl      : Fetching comment by ID: 10
2026-01-25T11:24:37.741+05:30  INFO 20673 --- [backend] [main] c.d.service.impl.CommentServiceImpl      : Adding comment: CommentRequestDTO(text=Thanks! This solution worked perfectly for my case. Just had to tweak the input format slightly., developerId=1, postId=100, responseId=0, commentId=1)
2026-01-25T11:24:37.743+05:30  INFO 20673 --- [backend] [main] c.d.service.impl.CommentServiceImpl      : Fetching comments for post ID: 100
2026-01-25T11:24:37.746+05:30  INFO 20673 --- [backend] [main] c.d.service.impl.CommentServiceImpl      : Fetching comment by ID: 10
2026-01-25T11:24:37.750+05:30 ERROR 20673 --- [backend] [main] c.d.service.impl.PostServiceImpl         : There are no posts with this keyword
2026-01-25T11:24:37.757+05:30 ERROR 20673 --- [backend] [main] c.d.service.impl.PostServiceImpl         : Post does not exist
2026-01-25T11:24:37.762+05:30 ERROR 20673 --- [backend] [main] c.d.service.impl.PostServiceImpl         : Post does not exist
2026-01-25T11:24:37.763+05:30 ERROR 20673 --- [backend] [main] c.d.service.impl.PostServiceImpl         : Post ID: 8 does not exist
2026-01-25T11:24:37.764+05:30 ERROR 20673 --- [backend] [main] c.d.service.impl.PostServiceImpl         : There are no posts by this Developer
2026-01-25T11:24:37.765+05:30 ERROR 20673 --- [backend] [main] c.d.service.impl.PostServiceImpl         : There are no posts to display
2026-01-25T11:24:37.766+05:30 ERROR 20673 --- [backend] [main] c.d.service.impl.PostServiceImpl         : Post does not exist
2026-01-25T11:24:37.769+05:30 ERROR 20673 --- [backend] [main] c.d.service.impl.PostServiceImpl         : Post ID: 8 does not exist
2026-01-25T11:24:37.773+05:30  INFO 20673 --- [backend] [main] c.d.service.impl.VoteServiceImpl         : Counting votes of type 'UPVOTE' for comment ID: 1
2026-01-25T11:24:37.774+05:30  INFO 20673 --- [backend] [main] c.d.service.impl.VoteServiceImpl         : Counting votes of type 'INVALID_TYPE' for comment ID: 1
2026-01-25T11:24:37.775+05:30 ERROR 20673 --- [backend] [main] c.d.service.impl.VoteServiceImpl         : Invalid vote type received: INVALID_TYPE
2026-01-25T11:24:37.776+05:30  INFO 20673 --- [backend] [main] c.d.service.impl.VoteServiceImpl         : Fetching vote by voteId: 1
2026-01-25T11:24:37.777+05:30  INFO 20673 --- [backend] [main] c.d.service.impl.VoteServiceImpl         : Fetching votes for postId: 1
2026-01-25T11:24:37.779+05:30  INFO 20673 --- [backend] [main] c.d.service.impl.VoteServiceImpl         : Fetching votes for responseId: 1
2026-01-25T11:24:37.780+05:30  INFO 20673 --- [backend] [main] c.d.service.impl.VoteServiceImpl         : Fetching votes for commentId: 1
2026-01-25T11:24:37.781+05:30  INFO 20673 --- [backend] [main] c.d.service.impl.VoteServiceImpl         : Fetching votes for postId: 99
2026-01-25T11:24:37.782+05:30  INFO 20673 --- [backend] [main] c.d.service.impl.VoteServiceImpl         : Fetching votes for responseId: 99
2026-01-25T11:24:37.783+05:30  INFO 20673 --- [backend] [main] c.d.service.impl.VoteServiceImpl         : Fetching votes for commentId: 99
2026-01-25T11:24:37.783+05:30  INFO 20673 --- [backend] [main] c.d.service.impl.VoteServiceImpl         : Adding new vote: VoteRequestDTO(voteType=UPVOTE, developerId=1, commentId=null, postId=101, respId=null)
2026-01-25T11:24:37.785+05:30 ERROR 20673 --- [backend] [main] c.d.service.impl.VoteServiceImpl         : Vote not found with ID: 99
2026-01-25T11:24:47.887+05:30  INFO 20896 --- [backend] [restartedMain] com.devcommunity.BackendApplication      : Starting BackendApplication using Java 25 with PID 20896 (/Users/abhijeetfasate/Desktop/Quora Clone/target/classes started by abhijeetfasate in /Users/abhijeetfasate/Desktop/Quora Clone)
2026-01-25T11:24:47.888+05:30  INFO 20896 --- [backend] [restartedMain] com.devcommunity.BackendApplication      : No active profile set, falling back to 1 default profile: "default"
2026-01-25T11:24:47.911+05:30  INFO 20896 --- [backend] [restartedMain] .e.DevToolsPropertyDefaultsPostProcessor : Devtools property defaults active! Set 'spring.devtools.add-properties' to 'false' to disable
2026-01-25T11:24:47.911+05:30  INFO 20896 --- [backend] [restartedMain] .e.DevToolsPropertyDefaultsPostProcessor : For additional web related logging consider setting the 'logging.level.web' property to 'DEBUG'
2026-01-25T11:24:48.254+05:30  INFO 20896 --- [backend] [restartedMain] .s.d.r.c.RepositoryConfigurationDelegate : Bootstrapping Spring Data JPA repositories in DEFAULT mode.
2026-01-25T11:24:48.287+05:30  INFO 20896 --- [backend] [restartedMain] .s.d.r.c.RepositoryConfigurationDelegate : Finished Spring Data repository scanning in 28 ms. Found 7 JPA repository interfaces.
2026-01-25T11:24:48.531+05:30  INFO 20896 --- [backend] [restartedMain] o.s.b.w.embedded.tomcat.TomcatWebServer  : Tomcat initialized with port 8080 (http)
2026-01-25T11:24:48.539+05:30  INFO 20896 --- [backend] [restartedMain] o.apache.catalina.core.StandardService   : Starting service [Tomcat]
2026-01-25T11:24:48.540+05:30  INFO 20896 --- [backend] [restartedMain] o.apache.catalina.core.StandardEngine    : Starting Servlet engine: [Apache Tomcat/10.1.44]
2026-01-25T11:24:48.557+05:30  INFO 20896 --- [backend] [restartedMain] o.a.c.c.C.[Tomcat].[localhost].[/]       : Initializing Spring embedded WebApplicationContext
2026-01-25T11:24:48.558+05:30  INFO 20896 --- [backend] [restartedMain] w.s.c.ServletWebServerApplicationContext : Root WebApplicationContext: initialization completed in 647 ms
2026-01-25T11:24:48.617+05:30  INFO 20896 --- [backend] [restartedMain] o.hibernate.jpa.internal.util.LogHelper  : HHH000204: Processing PersistenceUnitInfo [name: default]
2026-01-25T11:24:48.645+05:30  INFO 20896 --- [backend] [restartedMain] org.hibernate.Version                    : HHH000412: Hibernate ORM core version 6.6.26.Final
2026-01-25T11:24:48.660+05:30  INFO 20896 --- [backend] [restartedMain] o.h.c.internal.RegionFactoryInitiator    : HHH000026: Second-level cache disabled
2026-01-25T11:24:48.789+05:30  INFO 20896 --- [backend] [restartedMain] o.s.o.j.p.SpringPersistenceUnitInfo      : No LoadTimeWeaver setup: ignoring JPA class transformer
2026-01-25T11:24:48.802+05:30  INFO 20896 --- [backend] [restartedMain] com.zaxxer.hikari.HikariDataSource       : HikariPool-1 - Starting...
2026-01-25T11:24:50.048+05:30  WARN 20896 --- [backend] [restartedMain] o.h.engine.jdbc.spi.SqlExceptionHelper   : SQL Error: 1045, SQLState: 28000
2026-01-25T11:24:50.049+05:30 ERROR 20896 --- [backend] [restartedMain] o.h.engine.jdbc.spi.SqlExceptionHelper   : Access denied for user 'root'@'localhost' (using password: YES)
2026-01-25T11:24:50.051+05:30  WARN 20896 --- [backend] [restartedMain] o.h.e.j.e.i.JdbcEnvironmentInitiator     : HHH000342: Could not obtain connection to query metadata

org.hibernate.exception.GenericJDBCException: unable to obtain isolated JDBC connection [Access denied for user 'root'@'localhost' (using password: YES)] [n/a]
	at org.hibernate.exception.internal.StandardSQLExceptionConverter.convert(StandardSQLExceptionConverter.java:63) ~[hibernate-core-6.6.26.Final.jar:6.6.26.Final]
	at org.hibernate.engine.jdbc.spi.SqlExceptionHelper.convert(SqlExceptionHelper.java:108) ~[hibernate-core-6.6.26.Final.jar:6.6.26.Final]
	at org.hibernate.engine.jdbc.spi.SqlExceptionHelper.convert(SqlExceptionHelper.java:94) ~[hibernate-core-6.6.26.Final.jar:6.6.26.Final]
	at org.hibernate.resource.transaction.backend.jdbc.internal.JdbcIsolationDelegate.delegateWork(JdbcIsolationDelegate.java:116) ~[hibernate-core-6.6.26.Final.jar:6.6.26.Final]
	at org.hibernate.engine.jdbc.env.internal.JdbcEnvironmentInitiator.getJdbcEnvironmentUsingJdbcMetadata(JdbcEnvironmentInitiator.java:334) ~[hibernate-core-6.6.26.Final.jar:6.6.26.Final]
	at org.hibernate.engine.jdbc.env.internal.JdbcEnvironmentInitiator.initiateService(JdbcEnvironmentInitiator.java:129) ~[hibernate-core-6.6.26.Final.jar:6.6.26.Final]
	at org.hibernate.engine.jdbc.env.internal.JdbcEnvironmentInitiator.initiateService(JdbcEnvironmentInitiator.java:81) ~[hibernate-core-6.6.26.Final.jar:6.6.26.Final]
	at org.hibernate.boot.registry.internal.StandardServiceRegistryImpl.initiateService(StandardServiceRegistryImpl.java:130) ~[hibernate-core-6.6.26.Final.jar:6.6.26.Final]
	at org.hibernate.service.internal.AbstractServiceRegistryImpl.createService(AbstractServiceRegistryImpl.java:263) ~[hibernate-core-6.6.26.Final.jar:6.6.26.Final]
	at org.hibernate.service.internal.AbstractServiceRegistryImpl.initializeService(AbstractServiceRegistryImpl.java:238) ~[hibernate-core-6.6.26.Final.jar:6.6.26.Final]
	at org.hibernate.service.internal.AbstractServiceRegistryImpl.getService(AbstractServiceRegistryImpl.java:215) ~[hibernate-core-6.6.26.Final.jar:6.6.26.Final]
	at org.hibernate.boot.model.relational.Database.<init>(Database.java:45) ~[hibernate-core-6.6.26.Final.jar:6.6.26.Final]
	at org.hibernate.boot.internal.InFlightMetadataCollectorImpl.getDatabase(InFlightMetadataCollectorImpl.java:226) ~[hibernate-core-6.6.26.Final.jar:6.6.26.Final]
	at org.hibernate.boot.internal.InFlightMetadataCollectorImpl.<init>(InFlightMetadataCollectorImpl.java:194) ~[hibernate-core-6.6.26.Final.jar:6.6.26.Final]
	at org.hibernate.boot.model.process.spi.MetadataBuildingProcess.complete(MetadataBuildingProcess.java:171) ~[hibernate-core-6.6.26.Final.jar:6.6.26.Final]
	at org.hibernate.jpa.boot.internal.EntityManagerFactoryBuilderImpl.metadata(EntityManagerFactoryBuilderImpl.java:1442) ~[hibernate-core-6.6.26.Final.jar:6.6.26.Final]
	at org.hibernate.jpa.boot.internal.EntityManagerFactoryBuilderImpl.build(EntityManagerFactoryBuilderImpl.java:1513) ~[hibernate-core-6.6.26.Final.jar:6.6.26.Final]
	at org.springframework.orm.jpa.vendor.SpringHibernateJpaPersistenceProvider.createContainerEntityManagerFactory(SpringHibernateJpaPersistenceProvider.java:66) ~[spring-orm-6.2.10.jar:6.2.10]
	at org.springframework.orm.jpa.LocalContainerEntityManagerFactoryBean.createNativeEntityManagerFactory(LocalContainerEntityManagerFactoryBean.java:390) ~[spring-orm-6.2.10.jar:6.2.10]
	at org.springframework.orm.jpa.AbstractEntityManagerFactoryBean.buildNativeEntityManagerFactory(AbstractEntityManagerFactoryBean.java:419) ~[spring-orm-6.2.10.jar:6.2.10]
	at org.springframework.orm.jpa.AbstractEntityManagerFactoryBean.afterPropertiesSet(AbstractEntityManagerFactoryBean.java:400) ~[spring-orm-6.2.10.jar:6.2.10]
	at org.springframework.orm.jpa.LocalContainerEntityManagerFactoryBean.afterPropertiesSet(LocalContainerEntityManagerFactoryBean.java:366) ~[spring-orm-6.2.10.jar:6.2.10]
	at org.springframework.beans.factory.support.AbstractAutowireCapableBeanFactory.invokeInitMethods(AbstractAutowireCapableBeanFactory.java:1873) ~[spring-beans-6.2.10.jar:6.2.10]
	at org.springframework.beans.factory.support.AbstractAutowireCapableBeanFactory.initializeBean(AbstractAutowireCapableBeanFactory.java:1822) ~[spring-beans-6.2.10.jar:6.2.10]
	at org.springframework.beans.factory.support.AbstractAutowireCapableBeanFactory.doCreateBean(AbstractAutowireCapableBeanFactory.java:607) ~[spring-beans-6.2.10.jar:6.2.10]
	at org.springframework.beans.factory.support.AbstractAutowireCapableBeanFactory.createBean(AbstractAutowireCapableBeanFactory.java:529) ~[spring-beans-6.2.10.jar:6.2.10]
	at org.springframework.beans.factory.support.AbstractBeanFactory.lambda$doGetBean$0(AbstractBeanFactory.java:339) ~[spring-beans-6.2.10.jar:6.2.10]
	at org.springframework.beans.factory.support.DefaultSingletonBeanRegistry.getSingleton(DefaultSingletonBeanRegistry.java:373) ~[spring-beans-6.2.10.jar:6.2.10]
	at org.springframework.beans.factory.support.AbstractBeanFactory.doGetBean(AbstractBeanFactory.java:337) ~[spring-beans-6.2.10.jar:6.2.10]
	at org.springframework.beans.factory.support.AbstractBeanFactory.getBean(AbstractBeanFactory.java:202) ~[spring-beans-6.2.10.jar:6.2.10]
	at org.springframework.beans.factory.support.BeanDefinitionValueResolver.resolveReference(BeanDefinitionValueResolver.java:365) ~[spring-beans-6.2.10.jar:6.2.10]
	at org.springframework.beans.factory.support.BeanDefinitionValueResolver.resolveValueIfNecessary(BeanDefinitionValueResolver.java:135) ~[spring-beans-6.2.10.jar:6.2.10]
	at org.springframework.beans.factory.support.ConstructorResolver.resolveConstructorArguments(ConstructorResolver.java:691) ~[spring-beans-6.2.10.jar:6.2.10]
	at org.springframework.beans.factory.support.ConstructorResolver.instantiateUsingFactoryMethod(ConstructorResolver.java:513) ~[spring-beans-6.2.10.jar:6.2.10]
	at org.springframework.beans.factory.support.AbstractAutowireCapableBeanFactory.instantiateUsingFactoryMethod(AbstractAutowireCapableBeanFactory.java:1375) ~[spring-beans-6.2.10.jar:6.2.10]
	at org.springframework.beans.factory.support.AbstractAutowireCapableBeanFactory.createBeanInstance(AbstractAutowireCapableBeanFactory.java:1205) ~[spring-beans-6.2.10.jar:6.2.10]
	at org.springframework.beans.factory.support.AbstractAutowireCapableBeanFactory.doCreateBean(AbstractAutowireCapableBeanFactory.java:569) ~[spring-beans-6.2.10.jar:6.2.10]
	at org.springframework.beans.factory.support.AbstractAutowireCapableBeanFactory.createBean(AbstractAutowireCapableBeanFactory.java:529) ~[spring-beans-6.2.10.jar:6.2.10]
	at org.springframework.beans.factory.support.AbstractBeanFactory.lambda$doGetBean$0(AbstractBeanFactory.java:339) ~[spring-beans-6.2.10.jar:6.2.10]
	at org.springframework.beans.factory.support.DefaultSingletonBeanRegistry.getSingleton(DefaultSingletonBeanRegistry.java:373) ~[spring-beans-6.2.10.jar:6.2.10]
	at org.springframework.beans.factory.support.AbstractBeanFactory.doGetBean(AbstractBeanFactory.java:337) ~[spring-beans-6.2.10.jar:6.2.10]
	at org.springframework.beans.factory.support.AbstractBeanFactory.getBean(AbstractBeanFactory.java:202) ~[spring-beans-6.2.10.jar:6.2.10]
	at org.springframework.beans.factory.support.BeanDefinitionValueResolver.resolveReference(BeanDefinitionValueResolver.java:365) ~[spring-beans-6.2.10.jar:6.2.10]
	at org.springframework.beans.factory.support.BeanDefinitionValueResolver.resolveValueIfNecessary(BeanDefinitionValueResolver.java:135) ~[spring-beans-6.2.10.jar:6.2.10]
	at org.springframework.beans.factory.support.AbstractAutowireCapableBeanFactory.applyPropertyValues(AbstractAutowireCapableBeanFactory.java:1725) ~[spring-beans-6.2.10.jar:6.2.10]
	at org.springframework.beans.factory.support.AbstractAutowireCapableBeanFactory.populateBean(AbstractAutowireCapableBeanFactory.java:1474) ~[spring-beans-6.2.10.jar:6.2.10]
	at org.springframework.beans.factory.support.AbstractAutowireCapableBeanFactory.doCreateBean(AbstractAutowireCapableBeanFactory.java:606) ~[spring-beans-6.2.10.jar:6.2.10]
	at org.springframework.beans.factory.support.AbstractAutowireCapableBeanFactory.createBean(AbstractAutowireCapableBeanFactory.java:529) ~[spring-beans-6.2.10.jar:6.2.10]
	at org.springframework.beans.factory.support.AbstractBeanFactory.lambda$doGetBean$0(AbstractBeanFactory.java:339) ~[spring-beans-6.2.10.jar:6.2.10]
	at org.springframework.beans.factory.support.DefaultSingletonBeanRegistry.getSingleton(DefaultSingletonBeanRegistry.java:373) ~[spring-beans-6.2.10.jar:6.2.10]
	at org.springframework.beans.factory.support.AbstractBeanFactory.doGetBean(AbstractBeanFactory.java:337) ~[spring-beans-6.2.10.jar:6.2.10]
	at org.springframework.beans.factory.support.AbstractBeanFactory.getBean(AbstractBeanFactory.java:202) ~[spring-beans-6.2.10.jar:6.2.10]
	at org.springframework.beans.factory.config.DependencyDescriptor.resolveCandidate(DependencyDescriptor.java:254) ~[spring-beans-6.2.10.jar:6.2.10]
	at org.springframework.beans.factory.support.DefaultListableBeanFactory.doResolveDependency(DefaultListableBeanFactory.java:1752) ~[spring-beans-6.2.10.jar:6.2.10]
	at org.springframework.beans.factory.support.DefaultListableBeanFactory.resolveDependency(DefaultListableBeanFactory.java:1635) ~[spring-beans-6.2.10.jar:6.2.10]
	at org.springframework.beans.factory.support.ConstructorResolver.resolveAutowiredArgument(ConstructorResolver.java:913) ~[spring-beans-6.2.10.jar:6.2.10]
	at org.springframework.beans.factory.support.ConstructorResolver.createArgumentArray(ConstructorResolver.java:791) ~[spring-beans-6.2.10.jar:6.2.10]
	at org.springframework.beans.factory.support.ConstructorResolver.autowireConstructor(ConstructorResolver.java:240) ~[spring-beans-6.2.10.jar:6.2.10]
	at org.springframework.beans.factory.support.AbstractAutowireCapableBeanFactory.autowireConstructor(AbstractAutowireCapableBeanFactory.java:1395) ~[spring-beans-6.2.10.jar:6.2.10]
	at org.springframework.beans.factory.support.AbstractAutowireCapableBeanFactory.createBeanInstance(AbstractAutowireCapableBeanFactory.java:1232) ~[spring-beans-6.2.10.jar:6.2.10]
	at org.springframework.beans.factory.support.AbstractAutowireCapableBeanFactory.doCreateBean(AbstractAutowireCapableBeanFactory.java:569) ~[spring-beans-6.2.10.jar:6.2.10]
	at org.springframework.beans.factory.support.AbstractAutowireCapableBeanFactory.createBean(AbstractAutowireCapableBeanFactory.java:529) ~[spring-beans-6.2.10.jar:6.2.10]
	at org.springframework.beans.factory.support.AbstractBeanFactory.lambda$doGetBean$0(AbstractBeanFactory.java:339) ~[spring-beans-6.2.10.jar:6.2.10]
	at org.springframework.beans.factory.support.DefaultSingletonBeanRegistry.getSingleton(DefaultSingletonBeanRegistry.java:373) ~[spring-beans-6.2.10.jar:6.2.10]
	at org.springframework.beans.factory.support.AbstractBeanFactory.doGetBean(AbstractBeanFactory.java:337) ~[spring-beans-6.2.10.jar:6.2.10]
	at org.springframework.beans.factory.support.AbstractBeanFactory.getBean(AbstractBeanFactory.java:202) ~[spring-beans-6.2.10.jar:6.2.10]
	at org.springframework.beans.factory.config.DependencyDescriptor.resolveCandidate(DependencyDescriptor.java:254) ~[spring-beans-6.2.10.jar:6.2.10]
	at org.springframework.beans.factory.support.DefaultListableBeanFactory.doResolveDependency(DefaultListableBeanFactory.java:1752) ~[spring-beans-6.2.10.jar:6.2.10]
	at org.springframework.beans.factory.support.DefaultListableBeanFactory.resolveDependency(DefaultListableBeanFactory.java:1635) ~[spring-beans-6.2.10.jar:6.2.10]
	at org.springframework.beans.factory.support.ConstructorResolver.resolveAutowiredArgument(ConstructorResolver.java:913) ~[spring-beans-6.2.10.jar:6.2.10]
	at org.springframework.beans.factory.support.ConstructorResolver.createArgumentArray(ConstructorResolver.java:791) ~[spring-beans-6.2.10.jar:6.2.10]
	at org.springframework.beans.factory.support.ConstructorResolver.autowireConstructor(ConstructorResolver.java:240) ~[spring-beans-6.2.10.jar:6.2.10]
	at org.springframework.beans.factory.support.AbstractAutowireCapableBeanFactory.autowireConstructor(AbstractAutowireCapableBeanFactory.java:1395) ~[spring-beans-6.2.10.jar:6.2.10]
	at org.springframework.beans.factory.support.AbstractAutowireCapableBeanFactory.createBeanInstance(AbstractAutowireCapableBeanFactory.java:1232) ~[spring-beans-6.2.10.jar:6.2.10]
	at org.springframework.beans.factory.support.AbstractAutowireCapableBeanFactory.doCreateBean(AbstractAutowireCapableBeanFactory.java:569) ~[spring-beans-6.2.10.jar:6.2.10]
	at org.springframework.beans.factory.support.AbstractAutowireCapableBeanFactory.createBean(AbstractAutowireCapableBeanFactory.java:529) ~[spring-beans-6.2.10.jar:6.2.10]
	at org.springframework.beans.factory.support.AbstractBeanFactory.lambda$doGetBean$0(AbstractBeanFactory.java:339) ~[spring-beans-6.2.10.jar:6.2.10]
	at org.springframework.beans.factory.support.DefaultSingletonBeanRegistry.getSingleton(DefaultSingletonBeanRegistry.java:373) ~[spring-beans-6.2.10.jar:6.2.10]
	at org.springframework.beans.factory.support.AbstractBeanFactory.doGetBean(AbstractBeanFactory.java:337) ~[spring-beans-6.2.10.jar:6.2.10]
	at org.springframework.beans.factory.support.AbstractBeanFactory.getBean(AbstractBeanFactory.java:202) ~[spring-beans-6.2.10.jar:6.2.10]
	at org.springframework.beans.factory.support.ConstructorResolver.instantiateUsingFactoryMethod(ConstructorResolver.java:413) ~[spring-beans-6.2.10.jar:6.2.10]
	at org.springframework.beans.factory.support.AbstractAutowireCapableBeanFactory.instantiateUsingFactoryMethod(AbstractAutowireCapableBeanFactory.java:1375) ~[spring-beans-6.2.10.jar:6.2.10]
	at org.springframework.beans.factory.support.AbstractAutowireCapableBeanFactory.createBeanInstance(AbstractAutowireCapableBeanFactory.java:1205) ~[spring-beans-6.2.10.jar:6.2.10]
	at org.springframework.beans.factory.support.AbstractAutowireCapableBeanFactory.doCreateBean(AbstractAutowireCapableBeanFactory.java:569) ~[spring-beans-6.2.10.jar:6.2.10]
	at org.springframework.beans.factory.support.AbstractAutowireCapableBeanFactory.createBean(AbstractAutowireCapableBeanFactory.java:529) ~[spring-beans-6.2.10.jar:6.2.10]
	at org.springframework.beans.factory.support.AbstractBeanFactory.lambda$doGetBean$0(AbstractBeanFactory.java:339) ~[spring-beans-6.2.10.jar:6.2.10]
	at org.springframework.beans.factory.support.DefaultSingletonBeanRegistry.getSingleton(DefaultSingletonBeanRegistry.java:373) ~[spring-beans-6.2.10.jar:6.2.10]
	at org.springframework.beans.factory.support.AbstractBeanFactory.doGetBean(AbstractBeanFactory.java:337) ~[spring-beans-6.2.10.jar:6.2.10]
	at org.springframework.beans.factory.support.AbstractBeanFactory.getBean(AbstractBeanFactory.java:207) ~[spring-beans-6.2.10.jar:6.2.10]
	at org.springframework.boot.web.servlet.ServletContextInitializerBeans.getOrderedBeansOfType(ServletContextInitializerBeans.java:230) ~[spring-boot-3.5.5.jar:3.5.5]
	at org.springframework.boot.web.servlet.ServletContextInitializerBeans.addAsRegistrationBean(ServletContextInitializerBeans.java:184) ~[spring-boot-3.5.5.jar:3.5.5]
	at org.springframework.boot.web.servlet.ServletContextInitializerBeans.addAsRegistrationBean(ServletContextInitializerBeans.java:179) ~[spring-boot-3.5.5.jar:3.5.5]
	at org.springframework.boot.web.servlet.ServletContextInitializerBeans.addAdaptableBeans(ServletContextInitializerBeans.java:164) ~[spring-boot-3.5.5.jar:3.5.5]
	at org.springframework.boot.web.servlet.ServletContextInitializerBeans.<init>(ServletContextInitializerBeans.java:96) ~[spring-boot-3.5.5.jar:3.5.5]
	at org.springframework.boot.web.servlet.context.ServletWebServerApplicationContext.getServletContextInitializerBeans(ServletWebServerApplicationContext.java:271) ~[spring-boot-3.5.5.jar:3.5.5]
	at org.springframework.boot.web.servlet.context.ServletWebServerApplicationContext.selfInitialize(ServletWebServerApplicationContext.java:245) ~[spring-boot-3.5.5.jar:3.5.5]
	at org.springframework.boot.web.embedded.tomcat.TomcatStarter.onStartup(TomcatStarter.java:52) ~[spring-boot-3.5.5.jar:3.5.5]
	at org.apache.catalina.core.StandardContext.startInternal(StandardContext.java:4464) ~[tomcat-embed-core-10.1.44.jar:10.1.44]
	at org.apache.catalina.util.LifecycleBase.start(LifecycleBase.java:164) ~[tomcat-embed-core-10.1.44.jar:10.1.44]
	at org.apache.catalina.core.ContainerBase$StartChild.call(ContainerBase.java:1203) ~[tomcat-embed-core-10.1.44.jar:10.1.44]
	at org.apache.catalina.core.ContainerBase$StartChild.call(ContainerBase.java:1193) ~[tomcat-embed-core-10.1.44.jar:10.1.44]
	at java.base/java.util.concurrent.FutureTask.run(FutureTask.java:328) ~[na:na]
	at org.apache.tomcat.util.threads.InlineExecutorService.execute(InlineExecutorService.java:75) ~[tomcat-embed-core-10.1.44.jar:10.1.44]
	at java.base/java.util.concurrent.AbstractExecutorService.submit(AbstractExecutorService.java:149) ~[na:na]
	at org.apache.catalina.core.ContainerBase.startInternal(ContainerBase.java:749) ~[tomcat-embed-core-10.1.44.jar:10.1.44]
	at org.apache.catalina.core.StandardHost.startInternal(StandardHost.java:772) ~[tomcat-embed-core-10.1.44.jar:10.1.44]
	at org.apache.catalina.util.LifecycleBase.start(LifecycleBase.java:164) ~[tomcat-embed-core-10.1.44.jar:10.1.44]
	at org.apache.catalina.core.ContainerBase$StartChild.call(ContainerBase.java:1203) ~[tomcat-embed-core-10.1.44.jar:10.1.44]
	at org.apache.catalina.core.ContainerBase$StartChild.call(ContainerBase.java:1193) ~[tomcat-embed-core-10.1.44.jar:10.1.44]
	at java.base/java.util.concurrent.FutureTask.run(FutureTask.java:328) ~[na:na]
	at org.apache.tomcat.util.threads.InlineExecutorService.execute(InlineExecutorService.java:75) ~[tomcat-embed-core-10.1.44.jar:10.1.44]
	at java.base/java.util.concurrent.AbstractExecutorService.submit(AbstractExecutorService.java:149) ~[na:na]
	at org.apache.catalina.core.ContainerBase.startInternal(ContainerBase.java:749) ~[tomcat-embed-core-10.1.44.jar:10.1.44]
	at org.apache.catalina.core.StandardEngine.startInternal(StandardEngine.java:203) ~[tomcat-embed-core-10.1.44.jar:10.1.44]
	at org.apache.catalina.util.LifecycleBase.start(LifecycleBase.java:164) ~[tomcat-embed-core-10.1.44.jar:10.1.44]
	at org.apache.catalina.core.StandardService.startInternal(StandardService.java:412) ~[tomcat-embed-core-10.1.44.jar:10.1.44]
	at org.apache.catalina.util.LifecycleBase.start(LifecycleBase.java:164) ~[tomcat-embed-core-10.1.44.jar:10.1.44]
	at org.apache.catalina.core.StandardServer.startInternal(StandardServer.java:870) ~[tomcat-embed-core-10.1.44.jar:10.1.44]
	at org.apache.catalina.util.LifecycleBase.start(LifecycleBase.java:164) ~[tomcat-embed-core-10.1.44.jar:10.1.44]
	at org.apache.catalina.startup.Tomcat.start(Tomcat.java:438) ~[tomcat-embed-core-10.1.44.jar:10.1.44]
	at org.springframework.boot.web.embedded.tomcat.TomcatWebServer.initialize(TomcatWebServer.java:128) ~[spring-boot-3.5.5.jar:3.5.5]
	at org.springframework.boot.web.embedded.tomcat.TomcatWebServer.<init>(TomcatWebServer.java:107) ~[spring-boot-3.5.5.jar:3.5.5]
	at org.springframework.boot.web.embedded.tomcat.TomcatServletWebServerFactory.getTomcatWebServer(TomcatServletWebServerFactory.java:517) ~[spring-boot-3.5.5.jar:3.5.5]
	at org.springframework.boot.web.embedded.tomcat.TomcatServletWebServerFactory.getWebServer(TomcatServletWebServerFactory.java:219) ~[spring-boot-3.5.5.jar:3.5.5]
	at org.springframework.boot.web.servlet.context.ServletWebServerApplicationContext.createWebServer(ServletWebServerApplicationContext.java:193) ~[spring-boot-3.5.5.jar:3.5.5]
	at org.springframework.boot.web.servlet.context.ServletWebServerApplicationContext.onRefresh(ServletWebServerApplicationContext.java:167) ~[spring-boot-3.5.5.jar:3.5.5]
	at org.springframework.context.support.AbstractApplicationContext.refresh(AbstractApplicationContext.java:621) ~[spring-context-6.2.10.jar:6.2.10]
	at org.springframework.boot.web.servlet.context.ServletWebServerApplicationContext.refresh(ServletWebServerApplicationContext.java:146) ~[spring-boot-3.5.5.jar:3.5.5]
	at org.springframework.boot.SpringApplication.refresh(SpringApplication.java:752) ~[spring-boot-3.5.5.jar:3.5.5]
	at org.springframework.boot.SpringApplication.refreshContext(SpringApplication.java:439) ~[spring-boot-3.5.5.jar:3.5.5]
	at org.springframework.boot.SpringApplication.run(SpringApplication.java:318) ~[spring-boot-3.5.5.jar:3.5.5]
	at org.springframework.boot.SpringApplication.run(SpringApplication.java:1361) ~[spring-boot-3.5.5.jar:3.5.5]
	at org.springframework.boot.SpringApplication.run(SpringApplication.java:1350) ~[spring-boot-3.5.5.jar:3.5.5]
	at com.devcommunity.BackendApplication.main(BackendApplication.java:12) ~[classes/:na]
	at java.base/jdk.internal.reflect.DirectMethodHandleAccessor.invoke(DirectMethodHandleAccessor.java:104) ~[na:na]
	at java.base/java.lang.reflect.Method.invoke(Method.java:565) ~[na:na]
	at org.springframework.boot.devtools.restart.RestartLauncher.run(RestartLauncher.java:50) ~[spring-boot-devtools-3.5.5.jar:3.5.5]
Caused by: java.sql.SQLException: Access denied for user 'root'@'localhost' (using password: YES)
	at com.mysql.cj.jdbc.exceptions.SQLError.createSQLException(SQLError.java:121) ~[mysql-connector-j-9.4.0.jar:9.4.0]
	at com.mysql.cj.jdbc.exceptions.SQLExceptionsMapping.translateException(SQLExceptionsMapping.java:114) ~[mysql-connector-j-9.4.0.jar:9.4.0]
	at com.mysql.cj.jdbc.ConnectionImpl.createNewIO(ConnectionImpl.java:839) ~[mysql-connector-j-9.4.0.jar:9.4.0]
	at com.mysql.cj.jdbc.ConnectionImpl.<init>(ConnectionImpl.java:415) ~[mysql-connector-j-9.4.0.jar:9.4.0]
	at com.mysql.cj.jdbc.ConnectionImpl.getInstance(ConnectionImpl.java:237) ~[mysql-connector-j-9.4.0.jar:9.4.0]
	at com.mysql.cj.jdbc.NonRegisteringDriver.connect(NonRegisteringDriver.java:180) ~[mysql-connector-j-9.4.0.jar:9.4.0]
	at com.zaxxer.hikari.util.DriverDataSource.getConnection(DriverDataSource.java:144) ~[HikariCP-6.3.2.jar:na]
	at com.zaxxer.hikari.pool.PoolBase.newConnection(PoolBase.java:370) ~[HikariCP-6.3.2.jar:na]
	at com.zaxxer.hikari.pool.PoolBase.newPoolEntry(PoolBase.java:207) ~[HikariCP-6.3.2.jar:na]
	at com.zaxxer.hikari.pool.HikariPool.createPoolEntry(HikariPool.java:488) ~[HikariCP-6.3.2.jar:na]
	at com.zaxxer.hikari.pool.HikariPool.checkFailFast(HikariPool.java:576) ~[HikariCP-6.3.2.jar:na]
	at com.zaxxer.hikari.pool.HikariPool.<init>(HikariPool.java:97) ~[HikariCP-6.3.2.jar:na]
	at com.zaxxer.hikari.HikariDataSource.getConnection(HikariDataSource.java:111) ~[HikariCP-6.3.2.jar:na]
	at org.hibernate.engine.jdbc.connections.internal.DatasourceConnectionProviderImpl.getConnection(DatasourceConnectionProviderImpl.java:126) ~[hibernate-core-6.6.26.Final.jar:6.6.26.Final]
	at org.hibernate.engine.jdbc.env.internal.JdbcEnvironmentInitiator$ConnectionProviderJdbcConnectionAccess.obtainConnection(JdbcEnvironmentInitiator.java:485) ~[hibernate-core-6.6.26.Final.jar:6.6.26.Final]
	at org.hibernate.resource.transaction.backend.jdbc.internal.JdbcIsolationDelegate.delegateWork(JdbcIsolationDelegate.java:61) ~[hibernate-core-6.6.26.Final.jar:6.6.26.Final]
	... 133 common frames omitted

2026-01-25T11:24:50.081+05:30  WARN 20896 --- [backend] [restartedMain] org.hibernate.orm.deprecation            : HHH90000025: MySQL8Dialect does not need to be specified explicitly using 'hibernate.dialect' (remove the property setting and it will be selected by default)
2026-01-25T11:24:50.082+05:30  WARN 20896 --- [backend] [restartedMain] org.hibernate.orm.deprecation            : HHH90000026: MySQL8Dialect has been deprecated; use org.hibernate.dialect.MySQLDialect instead
2026-01-25T11:24:50.089+05:30  INFO 20896 --- [backend] [restartedMain] org.hibernate.orm.connections.pooling    : HHH10001005: Database info:
	Database JDBC URL [Connecting through datasource 'HikariDataSource (null)']
	Database driver: undefined/unknown
	Database version: 8.0
	Autocommit mode: undefined/unknown
	Isolation level: undefined/unknown
	Minimum pool size: undefined/unknown
	Maximum pool size: undefined/unknown
2026-01-25T11:24:50.525+05:30  INFO 20896 --- [backend] [restartedMain] o.h.e.t.j.p.i.JtaPlatformInitiator       : HHH000489: No JTA platform available (set 'hibernate.transaction.jta.platform' to enable JTA platform integration)
2026-01-25T11:24:50.540+05:30  INFO 20896 --- [backend] [restartedMain] com.zaxxer.hikari.HikariDataSource       : HikariPool-1 - Starting...
2026-01-25T11:24:51.563+05:30  WARN 20896 --- [backend] [restartedMain] o.h.engine.jdbc.spi.SqlExceptionHelper   : SQL Error: 1045, SQLState: 28000
2026-01-25T11:24:51.564+05:30 ERROR 20896 --- [backend] [restartedMain] o.h.engine.jdbc.spi.SqlExceptionHelper   : Access denied for user 'root'@'localhost' (using password: YES)
2026-01-25T11:24:51.569+05:30 ERROR 20896 --- [backend] [restartedMain] j.LocalContainerEntityManagerFactoryBean : Failed to initialize JPA EntityManagerFactory: [PersistenceUnit: default] Unable to build Hibernate SessionFactory; nested exception is org.hibernate.exception.GenericJDBCException: Unable to open JDBC Connection for DDL execution [Access denied for user 'root'@'localhost' (using password: YES)] [n/a]
2026-01-25T11:24:51.570+05:30 ERROR 20896 --- [backend] [restartedMain] o.s.b.web.embedded.tomcat.TomcatStarter  : Error starting Tomcat context. Exception: org.springframework.beans.factory.UnsatisfiedDependencyException. Message: Error creating bean with name 'securityConfig' defined in file [/Users/abhijeetfasate/Desktop/Quora Clone/target/classes/com/devcommunity/config/SecurityConfig.class]: Unsatisfied dependency expressed through constructor parameter 1: Error creating bean with name 'userDetailsServiceImpl' defined in file [/Users/abhijeetfasate/Desktop/Quora Clone/target/classes/com/devcommunity/service/UserDetailsServiceImpl.class]: Unsatisfied dependency expressed through constructor parameter 0: Error creating bean with name 'IAuthRepo' defined in com.devcommunity.repository.IAuthRepo defined in @EnableJpaRepositories declared on JpaRepositoriesRegistrar.EnableJpaRepositoriesConfiguration: Cannot resolve reference to bean 'jpaSharedEM_entityManagerFactory' while setting bean property 'entityManager'
2026-01-25T11:24:51.587+05:30  INFO 20896 --- [backend] [restartedMain] o.apache.catalina.core.StandardService   : Stopping service [Tomcat]
2026-01-25T11:24:51.591+05:30  WARN 20896 --- [backend] [restartedMain] ConfigServletWebServerApplicationContext : Exception encountered during context initialization - cancelling refresh attempt: org.springframework.context.ApplicationContextException: Unable to start web server
2026-01-25T11:24:51.601+05:30  INFO 20896 --- [backend] [restartedMain] .s.b.a.l.ConditionEvaluationReportLogger : 

Error starting ApplicationContext. To display the condition evaluation report re-run your application with 'debug' enabled.
2026-01-25T11:24:51.617+05:30 ERROR 20896 --- [backend] [restartedMain] o.s.boot.SpringApplication               : Application run failed

org.springframework.context.ApplicationContextException: Unable to start web server
	at org.springframework.boot.web.servlet.context.ServletWebServerApplicationContext.onRefresh(ServletWebServerApplicationContext.java:170) ~[spring-boot-3.5.5.jar:3.5.5]
	at org.springframework.context.support.AbstractApplicationContext.refresh(AbstractApplicationContext.java:621) ~[spring-context-6.2.10.jar:6.2.10]
	at org.springframework.boot.web.servlet.context.ServletWebServerApplicationContext.refresh(ServletWebServerApplicationContext.java:146) ~[spring-boot-3.5.5.jar:3.5.5]
	at org.springframework.boot.SpringApplication.refresh(SpringApplication.java:752) ~[spring-boot-3.5.5.jar:3.5.5]
	at org.springframework.boot.SpringApplication.refreshContext(SpringApplication.java:439) ~[spring-boot-3.5.5.jar:3.5.5]
	at org.springframework.boot.SpringApplication.run(SpringApplication.java:318) ~[spring-boot-3.5.5.jar:3.5.5]
	at org.springframework.boot.SpringApplication.run(SpringApplication.java:1361) ~[spring-boot-3.5.5.jar:3.5.5]
	at org.springframework.boot.SpringApplication.run(SpringApplication.java:1350) ~[spring-boot-3.5.5.jar:3.5.5]
	at com.devcommunity.BackendApplication.main(BackendApplication.java:12) ~[classes/:na]
	at java.base/jdk.internal.reflect.DirectMethodHandleAccessor.invoke(DirectMethodHandleAccessor.java:104) ~[na:na]
	at java.base/java.lang.reflect.Method.invoke(Method.java:565) ~[na:na]
	at org.springframework.boot.devtools.restart.RestartLauncher.run(RestartLauncher.java:50) ~[spring-boot-devtools-3.5.5.jar:3.5.5]
Caused by: org.springframework.boot.web.server.WebServerException: Unable to start embedded Tomcat
	at org.springframework.boot.web.embedded.tomcat.TomcatWebServer.initialize(TomcatWebServer.java:147) ~[spring-boot-3.5.5.jar:3.5.5]
	at org.springframework.boot.web.embedded.tomcat.TomcatWebServer.<init>(TomcatWebServer.java:107) ~[spring-boot-3.5.5.jar:3.5.5]
	at org.springframework.boot.web.embedded.tomcat.TomcatServletWebServerFactory.getTomcatWebServer(TomcatServletWebServerFactory.java:517) ~[spring-boot-3.5.5.jar:3.5.5]
	at org.springframework.boot.web.embedded.tomcat.TomcatServletWebServerFactory.getWebServer(TomcatServletWebServerFactory.java:219) ~[spring-boot-3.5.5.jar:3.5.5]
	at org.springframework.boot.web.servlet.context.ServletWebServerApplicationContext.createWebServer(ServletWebServerApplicationContext.java:193) ~[spring-boot-3.5.5.jar:3.5.5]
	at org.springframework.boot.web.servlet.context.ServletWebServerApplicationContext.onRefresh(ServletWebServerApplicationContext.java:167) ~[spring-boot-3.5.5.jar:3.5.5]
	... 11 common frames omitted
Caused by: org.springframework.beans.factory.UnsatisfiedDependencyException: Error creating bean with name 'securityConfig' defined in file [/Users/abhijeetfasate/Desktop/Quora Clone/target/classes/com/devcommunity/config/SecurityConfig.class]: Unsatisfied dependency expressed through constructor parameter 1: Error creating bean with name 'userDetailsServiceImpl' defined in file [/Users/abhijeetfasate/Desktop/Quora Clone/target/classes/com/devcommunity/service/UserDetailsServiceImpl.class]: Unsatisfied dependency expressed through constructor parameter 0: Error creating bean with name 'IAuthRepo' defined in com.devcommunity.repository.IAuthRepo defined in @EnableJpaRepositories declared on JpaRepositoriesRegistrar.EnableJpaRepositoriesConfiguration: Cannot resolve reference to bean 'jpaSharedEM_entityManagerFactory' while setting bean property 'entityManager'
	at org.springframework.beans.factory.support.ConstructorResolver.createArgumentArray(ConstructorResolver.java:804) ~[spring-beans-6.2.10.jar:6.2.10]
	at org.springframework.beans.factory.support.ConstructorResolver.autowireConstructor(ConstructorResolver.java:240) ~[spring-beans-6.2.10.jar:6.2.10]
	at org.springframework.beans.factory.support.AbstractAutowireCapableBeanFactory.autowireConstructor(AbstractAutowireCapableBeanFactory.java:1395) ~[spring-beans-6.2.10.jar:6.2.10]
	at org.springframework.beans.factory.support.AbstractAutowireCapableBeanFactory.createBeanInstance(AbstractAutowireCapableBeanFactory.java:1232) ~[spring-beans-6.2.10.jar:6.2.10]
	at org.springframework.beans.factory.support.AbstractAutowireCapableBeanFactory.doCreateBean(AbstractAutowireCapableBeanFactory.java:569) ~[spring-beans-6.2.10.jar:6.2.10]
	at org.springframework.beans.factory.support.AbstractAutowireCapableBeanFactory.createBean(AbstractAutowireCapableBeanFactory.java:529) ~[spring-beans-6.2.10.jar:6.2.10]
	at org.springframework.beans.factory.support.AbstractBeanFactory.lambda$doGetBean$0(AbstractBeanFactory.java:339) ~[spring-beans-6.2.10.jar:6.2.10]
	at org.springframework.beans.factory.support.DefaultSingletonBeanRegistry.getSingleton(DefaultSingletonBeanRegistry.java:373) ~[spring-beans-6.2.10.jar:6.2.10]
	at org.springframework.beans.factory.support.AbstractBeanFactory.doGetBean(AbstractBeanFactory.java:337) ~[spring-beans-6.2.10.jar:6.2.10]
	at org.springframework.beans.factory.support.AbstractBeanFactory.getBean(AbstractBeanFactory.java:202) ~[spring-beans-6.2.10.jar:6.2.10]
	at org.springframework.beans.factory.support.ConstructorResolver.instantiateUsingFactoryMethod(ConstructorResolver.java:413) ~[spring-beans-6.2.10.jar:6.2.10]
	at org.springframework.beans.factory.support.AbstractAutowireCapableBeanFactory.instantiateUsingFactoryMethod(AbstractAutowireCapableBeanFactory.java:1375) ~[spring-beans-6.2.10.jar:6.2.10]
	at org.springframework.beans.factory.support.AbstractAutowireCapableBeanFactory.createBeanInstance(AbstractAutowireCapableBeanFactory.java:1205) ~[spring-beans-6.2.10.jar:6.2.10]
	at org.springframework.beans.factory.support.AbstractAutowireCapableBeanFactory.doCreateBean(AbstractAutowireCapableBeanFactory.java:569) ~[spring-beans-6.2.10.jar:6.2.10]
	at org.springframework.beans.factory.support.AbstractAutowireCapableBeanFactory.createBean(AbstractAutowireCapableBeanFactory.java:529) ~[spring-beans-6.2.10.jar:6.2.10]
	at org.springframework.beans.factory.support.AbstractBeanFactory.lambda$doGetBean$0(AbstractBeanFactory.java:339) ~[spring-beans-6.2.10.jar:6.2.10]
	at org.springframework.beans.factory.support.DefaultSingletonBeanRegistry.getSingleton(DefaultSingletonBeanRegistry.java:373) ~[spring-beans-6.2.10.jar:6.2.10]
	at org.springframework.beans.factory.support.AbstractBeanFactory.doGetBean(AbstractBeanFactory.java:337) ~[spring-beans-6.2.10.jar:6.2.10]
	at org.springframework.beans.factory.support.AbstractBeanFactory.getBean(AbstractBeanFactory.java:207) ~[spring-beans-6.2.10.jar:6.2.10]
	at org.springframework.boot.web.servlet.ServletContextInitializerBeans.getOrderedBeansOfType(ServletContextInitializerBeans.java:230) ~[spring-boot-3.5.5.jar:3.5.5]
	at org.springframework.boot.web.servlet.ServletContextInitializerBeans.addAsRegistrationBean(ServletContextInitializerBeans.java:184) ~[spring-boot-3.5.5.jar:3.5.5]
	at org.springframework.boot.web.servlet.ServletContextInitializerBeans.addAsRegistrationBean(ServletContextInitializerBeans.java:179) ~[spring-boot-3.5.5.jar:3.5.5]
	at org.springframework.boot.web.servlet.ServletContextInitializerBeans.addAdaptableBeans(ServletContextInitializerBeans.java:164) ~[spring-boot-3.5.5.jar:3.5.5]
	at org.springframework.boot.web.servlet.ServletContextInitializerBeans.<init>(ServletContextInitializerBeans.java:96) ~[spring-boot-3.5.5.jar:3.5.5]
	at org.springframework.boot.web.servlet.context.ServletWebServerApplicationContext.getServletContextInitializerBeans(ServletWebServerApplicationContext.java:271) ~[spring-boot-3.5.5.jar:3.5.5]
	at org.springframework.boot.web.servlet.context.ServletWebServerApplicationContext.selfInitialize(ServletWebServerApplicationContext.java:245) ~[spring-boot-3.5.5.jar:3.5.5]
	at org.springframework.boot.web.embedded.tomcat.TomcatStarter.onStartup(TomcatStarter.java:52) ~[spring-boot-3.5.5.jar:3.5.5]
	at org.apache.catalina.core.StandardContext.startInternal(StandardContext.java:4464) ~[tomcat-embed-core-10.1.44.jar:10.1.44]
	at org.apache.catalina.util.LifecycleBase.start(LifecycleBase.java:164) ~[tomcat-embed-core-10.1.44.jar:10.1.44]
	at org.apache.catalina.core.ContainerBase$StartChild.call(ContainerBase.java:1203) ~[tomcat-embed-core-10.1.44.jar:10.1.44]
	at org.apache.catalina.core.ContainerBase$StartChild.call(ContainerBase.java:1193) ~[tomcat-embed-core-10.1.44.jar:10.1.44]
	at java.base/java.util.concurrent.FutureTask.run(FutureTask.java:328) ~[na:na]
	at org.apache.tomcat.util.threads.InlineExecutorService.execute(InlineExecutorService.java:75) ~[tomcat-embed-core-10.1.44.jar:10.1.44]
	at java.base/java.util.concurrent.AbstractExecutorService.submit(AbstractExecutorService.java:149) ~[na:na]
	at org.apache.catalina.core.ContainerBase.startInternal(ContainerBase.java:749) ~[tomcat-embed-core-10.1.44.jar:10.1.44]
	at org.apache.catalina.core.StandardHost.startInternal(StandardHost.java:772) ~[tomcat-embed-core-10.1.44.jar:10.1.44]
	at org.apache.catalina.util.LifecycleBase.start(LifecycleBase.java:164) ~[tomcat-embed-core-10.1.44.jar:10.1.44]
	at org.apache.catalina.core.ContainerBase$StartChild.call(ContainerBase.java:1203) ~[tomcat-embed-core-10.1.44.jar:10.1.44]
	at org.apache.catalina.core.ContainerBase$StartChild.call(ContainerBase.java:1193) ~[tomcat-embed-core-10.1.44.jar:10.1.44]
	at java.base/java.util.concurrent.FutureTask.run(FutureTask.java:328) ~[na:na]
	at org.apache.tomcat.util.threads.InlineExecutorService.execute(InlineExecutorService.java:75) ~[tomcat-embed-core-10.1.44.jar:10.1.44]
	at java.base/java.util.concurrent.AbstractExecutorService.submit(AbstractExecutorService.java:149) ~[na:na]
	at org.apache.catalina.core.ContainerBase.startInternal(ContainerBase.java:749) ~[tomcat-embed-core-10.1.44.jar:10.1.44]
	at org.apache.catalina.core.StandardEngine.startInternal(StandardEngine.java:203) ~[tomcat-embed-core-10.1.44.jar:10.1.44]
	at org.apache.catalina.util.LifecycleBase.start(LifecycleBase.java:164) ~[tomcat-embed-core-10.1.44.jar:10.1.44]
	at org.apache.catalina.core.StandardService.startInternal(StandardService.java:412) ~[tomcat-embed-core-10.1.44.jar:10.1.44]
	at org.apache.catalina.util.LifecycleBase.start(LifecycleBase.java:164) ~[tomcat-embed-core-10.1.44.jar:10.1.44]
	at org.apache.catalina.core.StandardServer.startInternal(StandardServer.java:870) ~[tomcat-embed-core-10.1.44.jar:10.1.44]
	at org.apache.catalina.util.LifecycleBase.start(LifecycleBase.java:164) ~[tomcat-embed-core-10.1.44.jar:10.1.44]
	at org.apache.catalina.startup.Tomcat.start(Tomcat.java:438) ~[tomcat-embed-core-10.1.44.jar:10.1.44]
	at org.springframework.boot.web.embedded.tomcat.TomcatWebServer.initialize(TomcatWebServer.java:128) ~[spring-boot-3.5.5.jar:3.5.5]
	... 16 common frames omitted
Caused by: org.springframework.beans.factory.UnsatisfiedDependencyException: Error creating bean with name 'userDetailsServiceImpl' defined in file [/Users/abhijeetfasate/Desktop/Quora Clone/target/classes/com/devcommunity/service/UserDetailsServiceImpl.class]: Unsatisfied dependency expressed through constructor parameter 0: Error creating bean with name 'IAuthRepo' defined in com.devcommunity.repository.IAuthRepo defined in @EnableJpaRepositories declared on JpaRepositoriesRegistrar.EnableJpaRepositoriesConfiguration: Cannot resolve reference to bean 'jpaSharedEM_entityManagerFactory' while setting bean property 'entityManager'
	at org.springframework.beans.factory.support.ConstructorResolver.createArgumentArray(ConstructorResolver.java:804) ~[spring-beans-6.2.10.jar:6.2.10]
	at org.springframework.beans.factory.support.ConstructorResolver.autowireConstructor(ConstructorResolver.java:240) ~[spring-beans-6.2.10.jar:6.2.10]
	at org.springframework.beans.factory.support.AbstractAutowireCapableBeanFactory.autowireConstructor(AbstractAutowireCapableBeanFactory.java:1395) ~[spring-beans-6.2.10.jar:6.2.10]
	at org.springframework.beans.factory.support.AbstractAutowireCapableBeanFactory.createBeanInstance(AbstractAutowireCapableBeanFactory.java:1232) ~[spring-beans-6.2.10.jar:6.2.10]
	at org.springframework.beans.factory.support.AbstractAutowireCapableBeanFactory.doCreateBean(AbstractAutowireCapableBeanFactory.java:569) ~[spring-beans-6.2.10.jar:6.2.10]
	at org.springframework.beans.factory.support.AbstractAutowireCapableBeanFactory.createBean(AbstractAutowireCapableBeanFactory.java:529) ~[spring-beans-6.2.10.jar:6.2.10]
	at org.springframework.beans.factory.support.AbstractBeanFactory.lambda$doGetBean$0(AbstractBeanFactory.java:339) ~[spring-beans-6.2.10.jar:6.2.10]
	at org.springframework.beans.factory.support.DefaultSingletonBeanRegistry.getSingleton(DefaultSingletonBeanRegistry.java:373) ~[spring-beans-6.2.10.jar:6.2.10]
	at org.springframework.beans.factory.support.AbstractBeanFactory.doGetBean(AbstractBeanFactory.java:337) ~[spring-beans-6.2.10.jar:6.2.10]
	at org.springframework.beans.factory.support.AbstractBeanFactory.getBean(AbstractBeanFactory.java:202) ~[spring-beans-6.2.10.jar:6.2.10]
	at org.springframework.beans.factory.config.DependencyDescriptor.resolveCandidate(DependencyDescriptor.java:254) ~[spring-beans-6.2.10.jar:6.2.10]
	at org.springframework.beans.factory.support.DefaultListableBeanFactory.doResolveDependency(DefaultListableBeanFactory.java:1752) ~[spring-beans-6.2.10.jar:6.2.10]
	at org.springframework.beans.factory.support.DefaultListableBeanFactory.resolveDependency(DefaultListableBeanFactory.java:1635) ~[spring-beans-6.2.10.jar:6.2.10]
	at org.springframework.beans.factory.support.ConstructorResolver.resolveAutowiredArgument(ConstructorResolver.java:913) ~[spring-beans-6.2.10.jar:6.2.10]
	at org.springframework.beans.factory.support.ConstructorResolver.createArgumentArray(ConstructorResolver.java:791) ~[spring-beans-6.2.10.jar:6.2.10]
	... 66 common frames omitted
Caused by: org.springframework.beans.factory.BeanCreationException: Error creating bean with name 'IAuthRepo' defined in com.devcommunity.repository.IAuthRepo defined in @EnableJpaRepositories declared on JpaRepositoriesRegistrar.EnableJpaRepositoriesConfiguration: Cannot resolve reference to bean 'jpaSharedEM_entityManagerFactory' while setting bean property 'entityManager'
	at org.springframework.beans.factory.support.BeanDefinitionValueResolver.resolveReference(BeanDefinitionValueResolver.java:377) ~[spring-beans-6.2.10.jar:6.2.10]
	at org.springframework.beans.factory.support.BeanDefinitionValueResolver.resolveValueIfNecessary(BeanDefinitionValueResolver.java:135) ~[spring-beans-6.2.10.jar:6.2.10]
	at org.springframework.beans.factory.support.AbstractAutowireCapableBeanFactory.applyPropertyValues(AbstractAutowireCapableBeanFactory.java:1725) ~[spring-beans-6.2.10.jar:6.2.10]
	at org.springframework.beans.factory.support.AbstractAutowireCapableBeanFactory.populateBean(AbstractAutowireCapableBeanFactory.java:1474) ~[spring-beans-6.2.10.jar:6.2.10]
	at org.springframework.beans.factory.support.AbstractAutowireCapableBeanFactory.doCreateBean(AbstractAutowireCapableBeanFactory.java:606) ~[spring-beans-6.2.10.jar:6.2.10]
	at org.springframework.beans.factory.support.AbstractAutowireCapableBeanFactory.createBean(AbstractAutowireCapableBeanFactory.java:529) ~[spring-beans-6.2.10.jar:6.2.10]
	at org.springframework.beans.factory.support.AbstractBeanFactory.lambda$doGetBean$0(AbstractBeanFactory.java:339) ~[spring-beans-6.2.10.jar:6.2.10]
	at org.springframework.beans.factory.support.DefaultSingletonBeanRegistry.getSingleton(DefaultSingletonBeanRegistry.java:373) ~[spring-beans-6.2.10.jar:6.2.10]
	at org.springframework.beans.factory.support.AbstractBeanFactory.doGetBean(AbstractBeanFactory.java:337) ~[spring-beans-6.2.10.jar:6.2.10]
	at org.springframework.beans.factory.support.AbstractBeanFactory.getBean(AbstractBeanFactory.java:202) ~[spring-beans-6.2.10.jar:6.2.10]
	at org.springframework.beans.factory.config.DependencyDescriptor.resolveCandidate(DependencyDescriptor.java:254) ~[spring-beans-6.2.10.jar:6.2.10]
	at org.springframework.beans.factory.support.DefaultListableBeanFactory.doResolveDependency(DefaultListableBeanFactory.java:1752) ~[spring-beans-6.2.10.jar:6.2.10]
	at org.springframework.beans.factory.support.DefaultListableBeanFactory.resolveDependency(DefaultListableBeanFactory.java:1635) ~[spring-beans-6.2.10.jar:6.2.10]
	at org.springframework.beans.factory.support.ConstructorResolver.resolveAutowiredArgument(ConstructorResolver.java:913) ~[spring-beans-6.2.10.jar:6.2.10]
	at org.springframework.beans.factory.support.ConstructorResolver.createArgumentArray(ConstructorResolver.java:791) ~[spring-beans-6.2.10.jar:6.2.10]
	... 80 common frames omitted
Caused by: org.springframework.beans.factory.BeanCreationException: Error creating bean with name 'jpaSharedEM_entityManagerFactory': Cannot resolve reference to bean 'entityManagerFactory' while setting constructor argument
	at org.springframework.beans.factory.support.BeanDefinitionValueResolver.resolveReference(BeanDefinitionValueResolver.java:377) ~[spring-beans-6.2.10.jar:6.2.10]
	at org.springframework.beans.factory.support.BeanDefinitionValueResolver.resolveValueIfNecessary(BeanDefinitionValueResolver.java:135) ~[spring-beans-6.2.10.jar:6.2.10]
	at org.springframework.beans.factory.support.ConstructorResolver.resolveConstructorArguments(ConstructorResolver.java:691) ~[spring-beans-6.2.10.jar:6.2.10]
	at org.springframework.beans.factory.support.ConstructorResolver.instantiateUsingFactoryMethod(ConstructorResolver.java:513) ~[spring-beans-6.2.10.jar:6.2.10]
	at org.springframework.beans.factory.support.AbstractAutowireCapableBeanFactory.instantiateUsingFactoryMethod(AbstractAutowireCapableBeanFactory.java:1375) ~[spring-beans-6.2.10.jar:6.2.10]
	at org.springframework.beans.factory.support.AbstractAutowireCapableBeanFactory.createBeanInstance(AbstractAutowireCapableBeanFactory.java:1205) ~[spring-beans-6.2.10.jar:6.2.10]
	at org.springframework.beans.factory.support.AbstractAutowireCapableBeanFactory.doCreateBean(AbstractAutowireCapableBeanFactory.java:569) ~[spring-beans-6.2.10.jar:6.2.10]
	at org.springframework.beans.factory.support.AbstractAutowireCapableBeanFactory.createBean(AbstractAutowireCapableBeanFactory.java:529) ~[spring-beans-6.2.10.jar:6.2.10]
	at org.springframework.beans.factory.support.AbstractBeanFactory.lambda$doGetBean$0(AbstractBeanFactory.java:339) ~[spring-beans-6.2.10.jar:6.2.10]
	at org.springframework.beans.factory.support.DefaultSingletonBeanRegistry.getSingleton(DefaultSingletonBeanRegistry.java:373) ~[spring-beans-6.2.10.jar:6.2.10]
	at org.springframework.beans.factory.support.AbstractBeanFactory.doGetBean(AbstractBeanFactory.java:337) ~[spring-beans-6.2.10.jar:6.2.10]
	at org.springframework.beans.factory.support.AbstractBeanFactory.getBean(AbstractBeanFactory.java:202) ~[spring-beans-6.2.10.jar:6.2.10]
	at org.springframework.beans.factory.support.BeanDefinitionValueResolver.resolveReference(BeanDefinitionValueResolver.java:365) ~[spring-beans-6.2.10.jar:6.2.10]
	... 94 common frames omitted
Caused by: org.springframework.beans.factory.BeanCreationException: Error creating bean with name 'entityManagerFactory' defined in class path resource [org/springframework/boot/autoconfigure/orm/jpa/HibernateJpaConfiguration.class]: [PersistenceUnit: default] Unable to build Hibernate SessionFactory; nested exception is org.hibernate.exception.GenericJDBCException: Unable to open JDBC Connection for DDL execution [Access denied for user 'root'@'localhost' (using password: YES)] [n/a]
	at org.springframework.beans.factory.support.AbstractAutowireCapableBeanFactory.initializeBean(AbstractAutowireCapableBeanFactory.java:1826) ~[spring-beans-6.2.10.jar:6.2.10]
	at org.springframework.beans.factory.support.AbstractAutowireCapableBeanFactory.doCreateBean(AbstractAutowireCapableBeanFactory.java:607) ~[spring-beans-6.2.10.jar:6.2.10]
	at org.springframework.beans.factory.support.AbstractAutowireCapableBeanFactory.createBean(AbstractAutowireCapableBeanFactory.java:529) ~[spring-beans-6.2.10.jar:6.2.10]
	at org.springframework.beans.factory.support.AbstractBeanFactory.lambda$doGetBean$0(AbstractBeanFactory.java:339) ~[spring-beans-6.2.10.jar:6.2.10]
	at org.springframework.beans.factory.support.DefaultSingletonBeanRegistry.getSingleton(DefaultSingletonBeanRegistry.java:373) ~[spring-beans-6.2.10.jar:6.2.10]
	at org.springframework.beans.factory.support.AbstractBeanFactory.doGetBean(AbstractBeanFactory.java:337) ~[spring-beans-6.2.10.jar:6.2.10]
	at org.springframework.beans.factory.support.AbstractBeanFactory.getBean(AbstractBeanFactory.java:202) ~[spring-beans-6.2.10.jar:6.2.10]
	at org.springframework.beans.factory.support.BeanDefinitionValueResolver.resolveReference(BeanDefinitionValueResolver.java:365) ~[spring-beans-6.2.10.jar:6.2.10]
	... 106 common frames omitted
Caused by: jakarta.persistence.PersistenceException: [PersistenceUnit: default] Unable to build Hibernate SessionFactory; nested exception is org.hibernate.exception.GenericJDBCException: Unable to open JDBC Connection for DDL execution [Access denied for user 'root'@'localhost' (using password: YES)] [n/a]
	at org.springframework.orm.jpa.AbstractEntityManagerFactoryBean.buildNativeEntityManagerFactory(AbstractEntityManagerFactoryBean.java:431) ~[spring-orm-6.2.10.jar:6.2.10]
	at org.springframework.orm.jpa.AbstractEntityManagerFactoryBean.afterPropertiesSet(AbstractEntityManagerFactoryBean.java:400) ~[spring-orm-6.2.10.jar:6.2.10]
	at org.springframework.orm.jpa.LocalContainerEntityManagerFactoryBean.afterPropertiesSet(LocalContainerEntityManagerFactoryBean.java:366) ~[spring-orm-6.2.10.jar:6.2.10]
	at org.springframework.beans.factory.support.AbstractAutowireCapableBeanFactory.invokeInitMethods(AbstractAutowireCapableBeanFactory.java:1873) ~[spring-beans-6.2.10.jar:6.2.10]
	at org.springframework.beans.factory.support.AbstractAutowireCapableBeanFactory.initializeBean(AbstractAutowireCapableBeanFactory.java:1822) ~[spring-beans-6.2.10.jar:6.2.10]
	... 113 common frames omitted
Caused by: org.hibernate.exception.GenericJDBCException: Unable to open JDBC Connection for DDL execution [Access denied for user 'root'@'localhost' (using password: YES)] [n/a]
	at org.hibernate.exception.internal.StandardSQLExceptionConverter.convert(StandardSQLExceptionConverter.java:63) ~[hibernate-core-6.6.26.Final.jar:6.6.26.Final]
	at org.hibernate.engine.jdbc.spi.SqlExceptionHelper.convert(SqlExceptionHelper.java:108) ~[hibernate-core-6.6.26.Final.jar:6.6.26.Final]
	at org.hibernate.engine.jdbc.spi.SqlExceptionHelper.convert(SqlExceptionHelper.java:94) ~[hibernate-core-6.6.26.Final.jar:6.6.26.Final]
	at org.hibernate.resource.transaction.backend.jdbc.internal.DdlTransactionIsolatorNonJtaImpl.getIsolatedConnection(DdlTransactionIsolatorNonJtaImpl.java:74) ~[hibernate-core-6.6.26.Final.jar:6.6.26.Final]
	at org.hibernate.resource.transaction.backend.jdbc.internal.DdlTransactionIsolatorNonJtaImpl.getIsolatedConnection(DdlTransactionIsolatorNonJtaImpl.java:39) ~[hibernate-core-6.6.26.Final.jar:6.6.26.Final]
	at org.hibernate.tool.schema.internal.exec.ImprovedExtractionContextImpl.getJdbcConnection(ImprovedExtractionContextImpl.java:63) ~[hibernate-core-6.6.26.Final.jar:6.6.26.Final]
	at org.hibernate.tool.schema.internal.exec.ImprovedExtractionContextImpl.getJdbcDatabaseMetaData(ImprovedExtractionContextImpl.java:70) ~[hibernate-core-6.6.26.Final.jar:6.6.26.Final]
	at org.hibernate.tool.schema.extract.internal.InformationExtractorJdbcDatabaseMetaDataImpl.processTableResultSet(InformationExtractorJdbcDatabaseMetaDataImpl.java:65) ~[hibernate-core-6.6.26.Final.jar:6.6.26.Final]
	at org.hibernate.tool.schema.extract.internal.AbstractInformationExtractorImpl.getTables(AbstractInformationExtractorImpl.java:570) ~[hibernate-core-6.6.26.Final.jar:6.6.26.Final]
	at org.hibernate.tool.schema.extract.internal.DatabaseInformationImpl.getTablesInformation(DatabaseInformationImpl.java:122) ~[hibernate-core-6.6.26.Final.jar:6.6.26.Final]
	at org.hibernate.tool.schema.internal.GroupedSchemaMigratorImpl.performTablesMigration(GroupedSchemaMigratorImpl.java:72) ~[hibernate-core-6.6.26.Final.jar:6.6.26.Final]
	at org.hibernate.tool.schema.internal.AbstractSchemaMigrator.performMigration(AbstractSchemaMigrator.java:233) ~[hibernate-core-6.6.26.Final.jar:6.6.26.Final]
	at org.hibernate.tool.schema.internal.AbstractSchemaMigrator.doMigration(AbstractSchemaMigrator.java:112) ~[hibernate-core-6.6.26.Final.jar:6.6.26.Final]
	at org.hibernate.tool.schema.spi.SchemaManagementToolCoordinator.performDatabaseAction(SchemaManagementToolCoordinator.java:280) ~[hibernate-core-6.6.26.Final.jar:6.6.26.Final]
	at org.hibernate.tool.schema.spi.SchemaManagementToolCoordinator.lambda$process$5(SchemaManagementToolCoordinator.java:144) ~[hibernate-core-6.6.26.Final.jar:6.6.26.Final]
	at java.base/java.util.HashMap.forEach(HashMap.java:1430) ~[na:na]
	at org.hibernate.tool.schema.spi.SchemaManagementToolCoordinator.process(SchemaManagementToolCoordinator.java:141) ~[hibernate-core-6.6.26.Final.jar:6.6.26.Final]
	at org.hibernate.boot.internal.SessionFactoryObserverForSchemaExport.sessionFactoryCreated(SessionFactoryObserverForSchemaExport.java:37) ~[hibernate-core-6.6.26.Final.jar:6.6.26.Final]
	at org.hibernate.internal.SessionFactoryObserverChain.sessionFactoryCreated(SessionFactoryObserverChain.java:35) ~[hibernate-core-6.6.26.Final.jar:6.6.26.Final]
	at org.hibernate.internal.SessionFactoryImpl.<init>(SessionFactoryImpl.java:324) ~[hibernate-core-6.6.26.Final.jar:6.6.26.Final]
	at org.hibernate.boot.internal.SessionFactoryBuilderImpl.build(SessionFactoryBuilderImpl.java:463) ~[hibernate-core-6.6.26.Final.jar:6.6.26.Final]
	at org.hibernate.jpa.boot.internal.EntityManagerFactoryBuilderImpl.build(EntityManagerFactoryBuilderImpl.java:1517) ~[hibernate-core-6.6.26.Final.jar:6.6.26.Final]
	at org.springframework.orm.jpa.vendor.SpringHibernateJpaPersistenceProvider.createContainerEntityManagerFactory(SpringHibernateJpaPersistenceProvider.java:66) ~[spring-orm-6.2.10.jar:6.2.10]
	at org.springframework.orm.jpa.LocalContainerEntityManagerFactoryBean.createNativeEntityManagerFactory(LocalContainerEntityManagerFactoryBean.java:390) ~[spring-orm-6.2.10.jar:6.2.10]
	at org.springframework.orm.jpa.AbstractEntityManagerFactoryBean.buildNativeEntityManagerFactory(AbstractEntityManagerFactoryBean.java:419) ~[spring-orm-6.2.10.jar:6.2.10]
	... 117 common frames omitted
Caused by: java.sql.SQLException: Access denied for user 'root'@'localhost' (using password: YES)
	at com.mysql.cj.jdbc.exceptions.SQLError.createSQLException(SQLError.java:121) ~[mysql-connector-j-9.4.0.jar:9.4.0]
	at com.mysql.cj.jdbc.exceptions.SQLExceptionsMapping.translateException(SQLExceptionsMapping.java:114) ~[mysql-connector-j-9.4.0.jar:9.4.0]
	at com.mysql.cj.jdbc.ConnectionImpl.createNewIO(ConnectionImpl.java:839) ~[mysql-connector-j-9.4.0.jar:9.4.0]
	at com.mysql.cj.jdbc.ConnectionImpl.<init>(ConnectionImpl.java:415) ~[mysql-connector-j-9.4.0.jar:9.4.0]
	at com.mysql.cj.jdbc.ConnectionImpl.getInstance(ConnectionImpl.java:237) ~[mysql-connector-j-9.4.0.jar:9.4.0]
	at com.mysql.cj.jdbc.NonRegisteringDriver.connect(NonRegisteringDriver.java:180) ~[mysql-connector-j-9.4.0.jar:9.4.0]
	at com.zaxxer.hikari.util.DriverDataSource.getConnection(DriverDataSource.java:144) ~[HikariCP-6.3.2.jar:na]
	at com.zaxxer.hikari.pool.PoolBase.newConnection(PoolBase.java:370) ~[HikariCP-6.3.2.jar:na]
	at com.zaxxer.hikari.pool.PoolBase.newPoolEntry(PoolBase.java:207) ~[HikariCP-6.3.2.jar:na]
	at com.zaxxer.hikari.pool.HikariPool.createPoolEntry(HikariPool.java:488) ~[HikariCP-6.3.2.jar:na]
	at com.zaxxer.hikari.pool.HikariPool.checkFailFast(HikariPool.java:576) ~[HikariCP-6.3.2.jar:na]
	at com.zaxxer.hikari.pool.HikariPool.<init>(HikariPool.java:97) ~[HikariCP-6.3.2.jar:na]
	at com.zaxxer.hikari.HikariDataSource.getConnection(HikariDataSource.java:111) ~[HikariCP-6.3.2.jar:na]
	at org.hibernate.engine.jdbc.connections.internal.DatasourceConnectionProviderImpl.getConnection(DatasourceConnectionProviderImpl.java:126) ~[hibernate-core-6.6.26.Final.jar:6.6.26.Final]
	at org.hibernate.engine.jdbc.env.internal.JdbcEnvironmentInitiator$ConnectionProviderJdbcConnectionAccess.obtainConnection(JdbcEnvironmentInitiator.java:485) ~[hibernate-core-6.6.26.Final.jar:6.6.26.Final]
	at org.hibernate.resource.transaction.backend.jdbc.internal.DdlTransactionIsolatorNonJtaImpl.getIsolatedConnection(DdlTransactionIsolatorNonJtaImpl.java:46) ~[hibernate-core-6.6.26.Final.jar:6.6.26.Final]
	... 138 common frames omitted

